

Started GET "/" for 127.0.0.1 at 2013-12-03 11:31:54 -0600

PG::ConnectionBad (FATAL:  database "exercise4_development" does not exist
):
  activerecord (4.0.1) lib/active_record/connection_adapters/postgresql_adapter.rb:831:in `initialize'
  activerecord (4.0.1) lib/active_record/connection_adapters/postgresql_adapter.rb:831:in `new'
  activerecord (4.0.1) lib/active_record/connection_adapters/postgresql_adapter.rb:831:in `connect'
  activerecord (4.0.1) lib/active_record/connection_adapters/postgresql_adapter.rb:548:in `initialize'
  activerecord (4.0.1) lib/active_record/connection_adapters/postgresql_adapter.rb:41:in `new'
  activerecord (4.0.1) lib/active_record/connection_adapters/postgresql_adapter.rb:41:in `postgresql_connection'
  activerecord (4.0.1) lib/active_record/connection_adapters/abstract/connection_pool.rb:440:in `new_connection'
  activerecord (4.0.1) lib/active_record/connection_adapters/abstract/connection_pool.rb:450:in `checkout_new_connection'
  activerecord (4.0.1) lib/active_record/connection_adapters/abstract/connection_pool.rb:421:in `acquire_connection'
  activerecord (4.0.1) lib/active_record/connection_adapters/abstract/connection_pool.rb:356:in `block in checkout'
  /home/daniel2/.rvm/rubies/ruby-2.0.0-p247/lib/ruby/2.0.0/monitor.rb:211:in `mon_synchronize'
  activerecord (4.0.1) lib/active_record/connection_adapters/abstract/connection_pool.rb:355:in `checkout'
  activerecord (4.0.1) lib/active_record/connection_adapters/abstract/connection_pool.rb:265:in `block in connection'
  /home/daniel2/.rvm/rubies/ruby-2.0.0-p247/lib/ruby/2.0.0/monitor.rb:211:in `mon_synchronize'
  activerecord (4.0.1) lib/active_record/connection_adapters/abstract/connection_pool.rb:264:in `connection'
  activerecord (4.0.1) lib/active_record/connection_adapters/abstract/connection_pool.rb:546:in `retrieve_connection'
  activerecord (4.0.1) lib/active_record/connection_handling.rb:79:in `retrieve_connection'
  activerecord (4.0.1) lib/active_record/connection_handling.rb:53:in `connection'
  activerecord (4.0.1) lib/active_record/query_cache.rb:51:in `restore_query_cache_settings'
  activerecord (4.0.1) lib/active_record/query_cache.rb:43:in `rescue in call'
  activerecord (4.0.1) lib/active_record/query_cache.rb:32:in `call'
  activerecord (4.0.1) lib/active_record/connection_adapters/abstract/connection_pool.rb:626:in `call'
  activerecord (4.0.1) lib/active_record/migration.rb:369:in `call'
  actionpack (4.0.1) lib/action_dispatch/middleware/callbacks.rb:29:in `block in call'
  activesupport (4.0.1) lib/active_support/callbacks.rb:373:in `_run__182526399051695004__call__callbacks'
  activesupport (4.0.1) lib/active_support/callbacks.rb:80:in `run_callbacks'
  actionpack (4.0.1) lib/action_dispatch/middleware/callbacks.rb:27:in `call'
  actionpack (4.0.1) lib/action_dispatch/middleware/reloader.rb:64:in `call'
  actionpack (4.0.1) lib/action_dispatch/middleware/remote_ip.rb:76:in `call'
  actionpack (4.0.1) lib/action_dispatch/middleware/debug_exceptions.rb:17:in `call'
  actionpack (4.0.1) lib/action_dispatch/middleware/show_exceptions.rb:30:in `call'
  railties (4.0.1) lib/rails/rack/logger.rb:38:in `call_app'
  railties (4.0.1) lib/rails/rack/logger.rb:20:in `block in call'
  activesupport (4.0.1) lib/active_support/tagged_logging.rb:67:in `block in tagged'
  activesupport (4.0.1) lib/active_support/tagged_logging.rb:25:in `tagged'
  activesupport (4.0.1) lib/active_support/tagged_logging.rb:67:in `tagged'
  railties (4.0.1) lib/rails/rack/logger.rb:20:in `call'
  actionpack (4.0.1) lib/action_dispatch/middleware/request_id.rb:21:in `call'
  rack (1.5.2) lib/rack/methodoverride.rb:21:in `call'
  rack (1.5.2) lib/rack/runtime.rb:17:in `call'
  activesupport (4.0.1) lib/active_support/cache/strategy/local_cache.rb:83:in `call'
  rack (1.5.2) lib/rack/lock.rb:17:in `call'
  actionpack (4.0.1) lib/action_dispatch/middleware/static.rb:64:in `call'
  rack (1.5.2) lib/rack/sendfile.rb:112:in `call'
  railties (4.0.1) lib/rails/engine.rb:511:in `call'
  railties (4.0.1) lib/rails/application.rb:97:in `call'
  rack (1.5.2) lib/rack/lock.rb:17:in `call'
  rack (1.5.2) lib/rack/content_length.rb:14:in `call'
  rack (1.5.2) lib/rack/handler/webrick.rb:60:in `service'
  /home/daniel2/.rvm/rubies/ruby-2.0.0-p247/lib/ruby/2.0.0/webrick/httpserver.rb:138:in `service'
  /home/daniel2/.rvm/rubies/ruby-2.0.0-p247/lib/ruby/2.0.0/webrick/httpserver.rb:94:in `run'
  /home/daniel2/.rvm/rubies/ruby-2.0.0-p247/lib/ruby/2.0.0/webrick/server.rb:295:in `block in start_thread'


  Rendered /home/daniel2/.rvm/gems/ruby-2.0.0-p247@exercise4/gems/actionpack-4.0.1/lib/action_dispatch/middleware/templates/rescues/_source.erb (0.5ms)
  Rendered /home/daniel2/.rvm/gems/ruby-2.0.0-p247@exercise4/gems/actionpack-4.0.1/lib/action_dispatch/middleware/templates/rescues/_trace.erb (1.1ms)
  Rendered /home/daniel2/.rvm/gems/ruby-2.0.0-p247@exercise4/gems/actionpack-4.0.1/lib/action_dispatch/middleware/templates/rescues/_request_and_response.erb (0.9ms)
  Rendered /home/daniel2/.rvm/gems/ruby-2.0.0-p247@exercise4/gems/actionpack-4.0.1/lib/action_dispatch/middleware/templates/rescues/diagnostics.erb within rescues/layout (12.7ms)
  [1m[36m (25.6ms)[0m  [1mCREATE TABLE "schema_migrations" ("version" character varying(255) NOT NULL) [0m
  [1m[35m (50.3ms)[0m  CREATE UNIQUE INDEX "unique_schema_migrations" ON "schema_migrations" ("version")
  [1m[36mActiveRecord::SchemaMigration Load (0.5ms)[0m  [1mSELECT "schema_migrations".* FROM "schema_migrations"[0m


Started GET "/" for 127.0.0.1 at 2013-12-03 11:32:23 -0600
Processing by Rails::WelcomeController#index as HTML
  Rendered /home/daniel2/.rvm/gems/ruby-2.0.0-p247@exercise4/gems/railties-4.0.1/lib/rails/templates/rails/welcome/index.html.erb (1.4ms)
Completed 200 OK in 23ms (Views: 6.1ms | ActiveRecord: 0.0ms)


Started GET "/" for 127.0.0.1 at 2013-12-03 11:33:47 -0600
Processing by Rails::WelcomeController#index as HTML
  Rendered /home/daniel2/.rvm/gems/ruby-2.0.0-p247@exercise4/gems/railties-4.0.1/lib/rails/templates/rails/welcome/index.html.erb (1.6ms)
Completed 200 OK in 23ms (Views: 6.3ms | ActiveRecord: 0.0ms)


Started GET "/" for 127.0.0.1 at 2013-12-03 11:33:48 -0600
Processing by Rails::WelcomeController#index as HTML
  Rendered /home/daniel2/.rvm/gems/ruby-2.0.0-p247@exercise4/gems/railties-4.0.1/lib/rails/templates/rails/welcome/index.html.erb (0.3ms)
Completed 200 OK in 5ms (Views: 4.1ms | ActiveRecord: 0.0ms)
  [1m[36mActiveRecord::SchemaMigration Load (1.1ms)[0m  [1mSELECT "schema_migrations".* FROM "schema_migrations"[0m
Migrating to CreateUsers (20131203174546)
  [1m[35m (0.4ms)[0m  BEGIN
  [1m[36m (129.2ms)[0m  [1mCREATE TABLE "users" ("id" serial primary key, "name" character varying(255), "last_name" character varying(255), "mail" character varying(255), "password" character varying(255), "created_at" timestamp, "updated_at" timestamp) [0m
  [1m[35mSQL (1.6ms)[0m  INSERT INTO "schema_migrations" ("version") VALUES ($1)  [["version", "20131203174546"]]
  [1m[36m (7.0ms)[0m  [1mCOMMIT[0m
  [1m[35mActiveRecord::SchemaMigration Load (0.3ms)[0m  SELECT "schema_migrations".* FROM "schema_migrations"


Started GET "/users" for 127.0.0.1 at 2013-12-03 11:54:31 -0600
  [1m[36mActiveRecord::SchemaMigration Load (0.7ms)[0m  [1mSELECT "schema_migrations".* FROM "schema_migrations"[0m
Processing by UsersController#index as HTML
  [1m[35mUser Load (1.0ms)[0m  SELECT "users".* FROM "users"
  Rendered users/index.html.erb within layouts/application (4.9ms)
Completed 200 OK in 299ms (Views: 279.9ms | ActiveRecord: 1.0ms)


Started GET "/assets/users.css?body=1" for 127.0.0.1 at 2013-12-03 11:54:31 -0600


Started GET "/assets/jquery_ujs.js?body=1" for 127.0.0.1 at 2013-12-03 11:54:31 -0600


Started GET "/assets/jquery.js?body=1" for 127.0.0.1 at 2013-12-03 11:54:31 -0600


Started GET "/assets/turbolinks.js?body=1" for 127.0.0.1 at 2013-12-03 11:54:31 -0600


Started GET "/assets/jquery_ujs.js?body=1" for 127.0.0.1 at 2013-12-03 11:54:31 -0600


Started GET "/assets/users.js?body=1" for 127.0.0.1 at 2013-12-03 11:54:31 -0600


Started GET "/users" for 127.0.0.1 at 2013-12-03 11:54:31 -0600
Processing by UsersController#index as HTML
  [1m[36mUser Load (0.7ms)[0m  [1mSELECT "users".* FROM "users"[0m
  Rendered users/index.html.erb within layouts/application (2.1ms)
Completed 200 OK in 7ms (Views: 5.5ms | ActiveRecord: 0.7ms)


Started GET "/assets/application.css?body=1" for 127.0.0.1 at 2013-12-03 11:54:31 -0600


Started GET "/assets/jquery.js?body=1" for 127.0.0.1 at 2013-12-03 11:54:31 -0600


Started GET "/assets/users.css?body=1" for 127.0.0.1 at 2013-12-03 11:54:31 -0600


Started GET "/assets/users.js?body=1" for 127.0.0.1 at 2013-12-03 11:54:31 -0600


Started GET "/assets/turbolinks.js?body=1" for 127.0.0.1 at 2013-12-03 11:54:31 -0600


Started GET "/assets/jquery_ujs.js?body=1" for 127.0.0.1 at 2013-12-03 11:54:31 -0600


Started GET "/assets/application.js?body=1" for 127.0.0.1 at 2013-12-03 11:54:31 -0600
  [1m[36m (0.4ms)[0m  [1mBEGIN[0m
  [1m[35mSQL (9.9ms)[0m  INSERT INTO "users" ("created_at", "last_name", "name", "updated_at") VALUES ($1, $2, $3, $4) RETURNING "id"  [["created_at", Tue, 03 Dec 2013 17:55:04 UTC +00:00], ["last_name", "cosa"], ["name", "daniel"], ["updated_at", Tue, 03 Dec 2013 17:55:04 UTC +00:00]]
  [1m[36m (13.8ms)[0m  [1mCOMMIT[0m


Started GET "/users" for 127.0.0.1 at 2013-12-03 11:55:06 -0600
Processing by UsersController#index as HTML
  [1m[35mUser Load (0.7ms)[0m  SELECT "users".* FROM "users"
  Rendered users/index.html.erb within layouts/application (18.2ms)
Completed 200 OK in 24ms (Views: 19.2ms | ActiveRecord: 4.2ms)


Started GET "/assets/application.css?body=1" for 127.0.0.1 at 2013-12-03 11:55:06 -0600


Started GET "/assets/jquery.js?body=1" for 127.0.0.1 at 2013-12-03 11:55:06 -0600


Started GET "/assets/jquery_ujs.js?body=1" for 127.0.0.1 at 2013-12-03 11:55:06 -0600


Started GET "/assets/turbolinks.js?body=1" for 127.0.0.1 at 2013-12-03 11:55:06 -0600


Started GET "/assets/users.js?body=1" for 127.0.0.1 at 2013-12-03 11:55:06 -0600


Started GET "/assets/users.css?body=1" for 127.0.0.1 at 2013-12-03 11:55:06 -0600


Started GET "/assets/application.js?body=1" for 127.0.0.1 at 2013-12-03 11:55:06 -0600
  [1m[36m (5009.3ms)[0m  [1mDROP DATABASE IF EXISTS "exercise4_development"[0m
PG::ObjectInUse: ERROR:  database "exercise4_development" is being accessed by other users
DETAIL:  There are 1 other session(s) using the database.
: DROP DATABASE IF EXISTS "exercise4_development"
  [1m[35m (427.1ms)[0m  DROP DATABASE IF EXISTS "exercise4_test"
  [1m[36m (1.1ms)[0m  [1mCREATE DATABASE "exercise4_development" ENCODING = 'utf8'[0m
PG::DuplicateDatabase: ERROR:  database "exercise4_development" already exists
: CREATE DATABASE "exercise4_development" ENCODING = 'utf8'
  [1m[35m (710.5ms)[0m  CREATE DATABASE "exercise4_test" ENCODING = 'utf8'
  [1m[36mSQL (1.1ms)[0m  [1mCREATE EXTENSION IF NOT EXISTS "plpgsql"[0m
  [1m[35m (13.0ms)[0m  DROP TABLE "users"
  [1m[36m (106.7ms)[0m  [1mCREATE TABLE "users" ("id" serial primary key, "name" character varying(255), "last_name" character varying(255), "mail" character varying(255), "password" character varying(255), "created_at" timestamp, "updated_at" timestamp) [0m
  [1m[35m (0.5ms)[0m  SELECT version FROM "schema_migrations"
  [1m[36mActiveRecord::SchemaMigration Load (0.5ms)[0m  [1mSELECT "schema_migrations".* FROM "schema_migrations"[0m
  [1m[36mActiveRecord::SchemaMigration Load (1.0ms)[0m  [1mSELECT "schema_migrations".* FROM "schema_migrations"[0m
  [1m[35mActiveRecord::SchemaMigration Load (0.6ms)[0m  SELECT "schema_migrations".* FROM "schema_migrations"


Started GET "/users" for 127.0.0.1 at 2013-12-03 12:07:22 -0600
  [1m[36mActiveRecord::SchemaMigration Load (1.1ms)[0m  [1mSELECT "schema_migrations".* FROM "schema_migrations"[0m
Processing by UsersController#index as HTML
  [1m[35mUser Load (0.7ms)[0m  SELECT "users".* FROM "users"
  Rendered users/index.html.erb within layouts/application (5.6ms)
Completed 200 OK in 85ms (Views: 67.5ms | ActiveRecord: 0.7ms)


Started GET "/assets/application.css?body=1" for 127.0.0.1 at 2013-12-03 12:07:23 -0600


Started GET "/assets/users.css?body=1" for 127.0.0.1 at 2013-12-03 12:07:23 -0600


Started GET "/assets/jquery.js?body=1" for 127.0.0.1 at 2013-12-03 12:07:23 -0600


Started GET "/assets/jquery_ujs.js?body=1" for 127.0.0.1 at 2013-12-03 12:07:23 -0600


Started GET "/assets/turbolinks.js?body=1" for 127.0.0.1 at 2013-12-03 12:07:23 -0600


Started GET "/assets/users.js?body=1" for 127.0.0.1 at 2013-12-03 12:07:23 -0600


Started GET "/assets/application.js?body=1" for 127.0.0.1 at 2013-12-03 12:07:23 -0600


Started GET "/users/new" for 127.0.0.1 at 2013-12-03 12:07:24 -0600
Processing by UsersController#new as HTML
  Rendered users/new.html.erb within layouts/application (25.5ms)
Completed 200 OK in 33ms (Views: 28.8ms | ActiveRecord: 2.2ms)


Started GET "/users/new" for 127.0.0.1 at 2013-12-03 12:07:58 -0600
Processing by UsersController#new as HTML
  Rendered users/new.html.erb within layouts/application (7.3ms)
Completed 500 Internal Server Error in 10ms

ActionView::Template::Error (undefined method `lastName' for #<User:0x007f4bdc78d118>):
     7:     </li>
     8:     <li>
     9:       <%= f.label :lastName %>
    10:       <%= f.text_field :lastName %>
    11:     </li>
    12:     <li>
    13:       <%= f.label :mail %>
  app/views/users/new.html.erb:10:in `block in _app_views_users_new_html_erb___3338129092634213819_69981899015640'
  app/views/users/new.html.erb:2:in `_app_views_users_new_html_erb___3338129092634213819_69981899015640'


  Rendered /home/daniel2/.rvm/gems/ruby-2.0.0-p247@exercise4/gems/actionpack-4.0.1/lib/action_dispatch/middleware/templates/rescues/_trace.erb (1.6ms)
  Rendered /home/daniel2/.rvm/gems/ruby-2.0.0-p247@exercise4/gems/actionpack-4.0.1/lib/action_dispatch/middleware/templates/rescues/_request_and_response.erb (1.0ms)
  Rendered /home/daniel2/.rvm/gems/ruby-2.0.0-p247@exercise4/gems/actionpack-4.0.1/lib/action_dispatch/middleware/templates/rescues/template_error.erb within rescues/layout (9.8ms)


Started GET "/users/new" for 127.0.0.1 at 2013-12-03 12:08:07 -0600
Processing by UsersController#new as HTML
  Rendered users/new.html.erb within layouts/application (9.6ms)
Completed 200 OK in 18ms (Views: 16.7ms | ActiveRecord: 0.0ms)


Started GET "/assets/application.css?body=1" for 127.0.0.1 at 2013-12-03 12:08:07 -0600


Started GET "/assets/users.css?body=1" for 127.0.0.1 at 2013-12-03 12:08:07 -0600


Started GET "/assets/application.js?body=1" for 127.0.0.1 at 2013-12-03 12:08:07 -0600


Started GET "/assets/jquery_ujs.js?body=1" for 127.0.0.1 at 2013-12-03 12:08:07 -0600


Started GET "/assets/jquery.js?body=1" for 127.0.0.1 at 2013-12-03 12:08:07 -0600


Started GET "/assets/users.js?body=1" for 127.0.0.1 at 2013-12-03 12:08:07 -0600


Started GET "/assets/turbolinks.js?body=1" for 127.0.0.1 at 2013-12-03 12:08:07 -0600


Started GET "/users/new" for 127.0.0.1 at 2013-12-03 12:13:00 -0600
  [1m[36mActiveRecord::SchemaMigration Load (1.2ms)[0m  [1mSELECT "schema_migrations".* FROM "schema_migrations"[0m
Processing by UsersController#new as HTML
  Rendered users/new.html.erb within layouts/application (23.6ms)
Completed 200 OK in 103ms (Views: 81.6ms | ActiveRecord: 2.1ms)


Started GET "/assets/application.css?body=1" for 127.0.0.1 at 2013-12-03 12:13:00 -0600


Started GET "/assets/users.css?body=1" for 127.0.0.1 at 2013-12-03 12:13:00 -0600


Started GET "/assets/application.js?body=1" for 127.0.0.1 at 2013-12-03 12:13:00 -0600


Started GET "/assets/jquery_ujs.js?body=1" for 127.0.0.1 at 2013-12-03 12:13:00 -0600


Started GET "/assets/turbolinks.js?body=1" for 127.0.0.1 at 2013-12-03 12:13:00 -0600


Started GET "/assets/users.js?body=1" for 127.0.0.1 at 2013-12-03 12:13:00 -0600


Started GET "/assets/jquery.js?body=1" for 127.0.0.1 at 2013-12-03 12:13:00 -0600


Started POST "/users" for 127.0.0.1 at 2013-12-03 12:13:45 -0600
Processing by UsersController#create as HTML
  Parameters: {"utf8"=>"✓", "authenticity_token"=>"MpN33cBhTQ/AsY1GLZNPzUZts9gGngRa3/lRkt3KFDk=", "user"=>{"name"=>"Daniel", "last_name"=>"Lopez Lopez", "mail"=>"daniel.lopez@tangosource.com", "password"=>"[FILTERED]"}, "commit"=>"Create User"}
Redirected to http://localhost:3000/users
Completed 302 Found in 77908ms (ActiveRecord: 4.2ms)


Started GET "/users" for 127.0.0.1 at 2013-12-03 12:15:03 -0600
Processing by UsersController#index as HTML
  [1m[35mUser Load (0.5ms)[0m  SELECT "users".* FROM "users"
  Rendered users/index.html.erb within layouts/application (3.6ms)
Completed 200 OK in 9ms (Views: 7.3ms | ActiveRecord: 0.5ms)


Started GET "/assets/application.css?body=1" for 127.0.0.1 at 2013-12-03 12:15:04 -0600


Started GET "/assets/users.css?body=1" for 127.0.0.1 at 2013-12-03 12:15:04 -0600


Started GET "/assets/jquery.js?body=1" for 127.0.0.1 at 2013-12-03 12:15:04 -0600


Started GET "/assets/application.js?body=1" for 127.0.0.1 at 2013-12-03 12:15:04 -0600


Started GET "/assets/jquery_ujs.js?body=1" for 127.0.0.1 at 2013-12-03 12:15:04 -0600


Started GET "/assets/users.js?body=1" for 127.0.0.1 at 2013-12-03 12:15:04 -0600


Started GET "/assets/turbolinks.js?body=1" for 127.0.0.1 at 2013-12-03 12:15:04 -0600


Started GET "/users/new" for 127.0.0.1 at 2013-12-03 12:15:13 -0600
Processing by UsersController#new as HTML
  Rendered users/new.html.erb within layouts/application (17.5ms)
Completed 200 OK in 22ms (Views: 18.9ms | ActiveRecord: 2.1ms)


Started GET "/assets/users.css?body=1" for 127.0.0.1 at 2013-12-03 12:15:13 -0600


Started GET "/assets/turbolinks.js?body=1" for 127.0.0.1 at 2013-12-03 12:15:13 -0600


Started GET "/assets/jquery.js?body=1" for 127.0.0.1 at 2013-12-03 12:15:13 -0600


Started GET "/assets/application.css?body=1" for 127.0.0.1 at 2013-12-03 12:15:13 -0600


Started GET "/assets/users.js?body=1" for 127.0.0.1 at 2013-12-03 12:15:13 -0600


Started GET "/assets/jquery_ujs.js?body=1" for 127.0.0.1 at 2013-12-03 12:15:13 -0600


Started GET "/assets/application.js?body=1" for 127.0.0.1 at 2013-12-03 12:15:13 -0600


Started POST "/users" for 127.0.0.1 at 2013-12-03 12:15:17 -0600
Processing by UsersController#create as HTML
  Parameters: {"utf8"=>"✓", "authenticity_token"=>"MpN33cBhTQ/AsY1GLZNPzUZts9gGngRa3/lRkt3KFDk=", "user"=>{"name"=>"asdasd", "last_name"=>"asdasdsada", "mail"=>"asdasd", "password"=>"[FILTERED]"}, "commit"=>"Create User"}
  [1m[36m (0.3ms)[0m  [1mBEGIN[0m
  [1m[35mSQL (11.3ms)[0m  INSERT INTO "users" ("created_at", "last_name", "mail", "name", "password", "updated_at") VALUES ($1, $2, $3, $4, $5, $6) RETURNING "id"  [["created_at", Tue, 03 Dec 2013 18:15:37 UTC +00:00], ["last_name", "asdasdsada"], ["mail", "asdasd"], ["name", "asdasd"], ["password", "asdasd"], ["updated_at", Tue, 03 Dec 2013 18:15:37 UTC +00:00]]
  [1m[36m (12.3ms)[0m  [1mCOMMIT[0m
Redirected to http://localhost:3000/users
Completed 302 Found in 22211ms (ActiveRecord: 24.3ms)


Started GET "/users" for 127.0.0.1 at 2013-12-03 12:15:39 -0600
Processing by UsersController#index as HTML
  [1m[35mUser Load (0.4ms)[0m  SELECT "users".* FROM "users"
  Rendered users/index.html.erb within layouts/application (2.7ms)
Completed 200 OK in 8ms (Views: 6.4ms | ActiveRecord: 0.4ms)


Started GET "/assets/application.css?body=1" for 127.0.0.1 at 2013-12-03 12:15:39 -0600


Started GET "/assets/jquery.js?body=1" for 127.0.0.1 at 2013-12-03 12:15:39 -0600


Started GET "/assets/jquery_ujs.js?body=1" for 127.0.0.1 at 2013-12-03 12:15:39 -0600


Started GET "/assets/turbolinks.js?body=1" for 127.0.0.1 at 2013-12-03 12:15:39 -0600


Started GET "/assets/users.css?body=1" for 127.0.0.1 at 2013-12-03 12:15:39 -0600


Started GET "/assets/users.js?body=1" for 127.0.0.1 at 2013-12-03 12:15:39 -0600


Started GET "/assets/application.js?body=1" for 127.0.0.1 at 2013-12-03 12:15:39 -0600


Started GET "/users" for 127.0.0.1 at 2013-12-03 12:15:42 -0600
Processing by UsersController#index as HTML
  [1m[36mUser Load (0.6ms)[0m  [1mSELECT "users".* FROM "users"[0m
  Rendered users/index.html.erb within layouts/application (2.4ms)
Completed 200 OK in 7ms (Views: 6.1ms | ActiveRecord: 0.6ms)


Started GET "/assets/application.css?body=1" for 127.0.0.1 at 2013-12-03 12:15:42 -0600


Started GET "/assets/users.css?body=1" for 127.0.0.1 at 2013-12-03 12:15:42 -0600


Started GET "/assets/turbolinks.js?body=1" for 127.0.0.1 at 2013-12-03 12:15:42 -0600


Started GET "/assets/application.js?body=1" for 127.0.0.1 at 2013-12-03 12:15:42 -0600


Started GET "/assets/users.js?body=1" for 127.0.0.1 at 2013-12-03 12:15:42 -0600


Started GET "/assets/jquery_ujs.js?body=1" for 127.0.0.1 at 2013-12-03 12:15:42 -0600


Started GET "/assets/jquery.js?body=1" for 127.0.0.1 at 2013-12-03 12:15:42 -0600
  [1m[36m (320.4ms)[0m  [1mDROP DATABASE IF EXISTS "exercise4_development"[0m
  [1m[35m (216.8ms)[0m  DROP DATABASE IF EXISTS "exercise4_test"
  [1m[36m (890.1ms)[0m  [1mCREATE DATABASE "exercise4_development" ENCODING = 'utf8'[0m
  [1m[35m (708.5ms)[0m  CREATE DATABASE "exercise4_test" ENCODING = 'utf8'
  [1m[36mSQL (1.1ms)[0m  [1mCREATE EXTENSION IF NOT EXISTS "plpgsql"[0m
  [1m[35m (134.9ms)[0m  CREATE TABLE "users" ("id" serial primary key, "name" character varying(255), "last_name" character varying(255), "mail" character varying(255), "password" character varying(255), "created_at" timestamp, "updated_at" timestamp) 
  [1m[36m (11.6ms)[0m  [1mCREATE TABLE "schema_migrations" ("version" character varying(255) NOT NULL) [0m
  [1m[35m (65.6ms)[0m  CREATE UNIQUE INDEX "unique_schema_migrations" ON "schema_migrations" ("version")
  [1m[36m (0.8ms)[0m  [1mSELECT version FROM "schema_migrations"[0m
  [1m[35m (6.2ms)[0m  INSERT INTO "schema_migrations" (version) VALUES ('20131203174546')
  [1m[36mActiveRecord::SchemaMigration Load (0.8ms)[0m  [1mSELECT "schema_migrations".* FROM "schema_migrations"[0m
  [1m[36mActiveRecord::SchemaMigration Load (1.0ms)[0m  [1mSELECT "schema_migrations".* FROM "schema_migrations"[0m
  [1m[35mActiveRecord::SchemaMigration Load (0.5ms)[0m  SELECT "schema_migrations".* FROM "schema_migrations"


Started GET "/users" for 127.0.0.1 at 2013-12-03 12:30:17 -0600
  [1m[36mActiveRecord::SchemaMigration Load (0.9ms)[0m  [1mSELECT "schema_migrations".* FROM "schema_migrations"[0m
Processing by UsersController#index as HTML
  [1m[35mUser Load (0.6ms)[0m  SELECT "users".* FROM "users"
  Rendered users/index.html.erb within layouts/application (5.8ms)
Completed 200 OK in 82ms (Views: 65.0ms | ActiveRecord: 0.6ms)


Started GET "/assets/users.css?body=1" for 127.0.0.1 at 2013-12-03 12:30:17 -0600


Started GET "/assets/application.css?body=1" for 127.0.0.1 at 2013-12-03 12:30:17 -0600


Started GET "/assets/jquery_ujs.js?body=1" for 127.0.0.1 at 2013-12-03 12:30:17 -0600


Started GET "/assets/turbolinks.js?body=1" for 127.0.0.1 at 2013-12-03 12:30:17 -0600


Started GET "/assets/jquery.js?body=1" for 127.0.0.1 at 2013-12-03 12:30:17 -0600


Started GET "/assets/users.js?body=1" for 127.0.0.1 at 2013-12-03 12:30:17 -0600


Started GET "/assets/application.js?body=1" for 127.0.0.1 at 2013-12-03 12:30:17 -0600


Started GET "/users/new" for 127.0.0.1 at 2013-12-03 12:30:25 -0600
Processing by UsersController#new as HTML
  Rendered users/new.html.erb within layouts/application (67.6ms)
Completed 200 OK in 75ms (Views: 69.9ms | ActiveRecord: 3.7ms)


Started POST "/users" for 127.0.0.1 at 2013-12-03 12:30:29 -0600
Processing by UsersController#create as HTML
  Parameters: {"utf8"=>"✓", "authenticity_token"=>"MpN33cBhTQ/AsY1GLZNPzUZts9gGngRa3/lRkt3KFDk=", "user"=>{"name"=>"sadasd", "last_name"=>"", "mail"=>"", "password"=>"[FILTERED]"}, "commit"=>"Create User"}
  [1m[36m (0.1ms)[0m  [1mBEGIN[0m
  [1m[35m (0.2ms)[0m  ROLLBACK
Completed 422 Unprocessable Entity in 7ms

ActiveRecord::RecordInvalid (Validation failed: Last name can't be blank, Mail can't be blank, Password can't be blank):
  app/controllers/users_controller.rb:12:in `create'


  Rendered /home/daniel2/.rvm/gems/ruby-2.0.0-p247@exercise4/gems/actionpack-4.0.1/lib/action_dispatch/middleware/templates/rescues/_source.erb (0.9ms)
  Rendered /home/daniel2/.rvm/gems/ruby-2.0.0-p247@exercise4/gems/actionpack-4.0.1/lib/action_dispatch/middleware/templates/rescues/_trace.erb (1.4ms)
  Rendered /home/daniel2/.rvm/gems/ruby-2.0.0-p247@exercise4/gems/actionpack-4.0.1/lib/action_dispatch/middleware/templates/rescues/_request_and_response.erb (1.4ms)
  Rendered /home/daniel2/.rvm/gems/ruby-2.0.0-p247@exercise4/gems/actionpack-4.0.1/lib/action_dispatch/middleware/templates/rescues/diagnostics.erb within rescues/layout (13.8ms)


Started POST "/users" for 127.0.0.1 at 2013-12-03 12:31:52 -0600
Processing by UsersController#create as HTML
  Parameters: {"utf8"=>"✓", "authenticity_token"=>"MpN33cBhTQ/AsY1GLZNPzUZts9gGngRa3/lRkt3KFDk=", "user"=>{"name"=>"asdasd", "last_name"=>"", "mail"=>"", "password"=>"[FILTERED]"}, "commit"=>"Create User"}
  [1m[36m (0.2ms)[0m  [1mBEGIN[0m
  [1m[35m (0.2ms)[0m  ROLLBACK
Completed 500 Internal Server Error in 35ms

ActiveModel::ForbiddenAttributesError (ActiveModel::ForbiddenAttributesError):
  app/controllers/users_controller.rb:12:in `rescue in create'
  app/controllers/users_controller.rb:12:in `create'


  Rendered /home/daniel2/.rvm/gems/ruby-2.0.0-p247@exercise4/gems/actionpack-4.0.1/lib/action_dispatch/middleware/templates/rescues/_source.erb (0.6ms)
  Rendered /home/daniel2/.rvm/gems/ruby-2.0.0-p247@exercise4/gems/actionpack-4.0.1/lib/action_dispatch/middleware/templates/rescues/_trace.erb (1.1ms)
  Rendered /home/daniel2/.rvm/gems/ruby-2.0.0-p247@exercise4/gems/actionpack-4.0.1/lib/action_dispatch/middleware/templates/rescues/_request_and_response.erb (1.1ms)
  Rendered /home/daniel2/.rvm/gems/ruby-2.0.0-p247@exercise4/gems/actionpack-4.0.1/lib/action_dispatch/middleware/templates/rescues/diagnostics.erb within rescues/layout (11.8ms)


Started POST "/users" for 127.0.0.1 at 2013-12-03 12:32:19 -0600
Processing by UsersController#create as HTML
  Parameters: {"utf8"=>"✓", "authenticity_token"=>"MpN33cBhTQ/AsY1GLZNPzUZts9gGngRa3/lRkt3KFDk=", "user"=>{"name"=>"asdasd", "last_name"=>"", "mail"=>"", "password"=>"[FILTERED]"}, "commit"=>"Create User"}
  [1m[36m (0.3ms)[0m  [1mBEGIN[0m
  [1m[35m (0.2ms)[0m  ROLLBACK
  [1m[36m (0.4ms)[0m  [1mBEGIN[0m
  [1m[35m (0.4ms)[0m  ROLLBACK
  [1m[36m (0.1ms)[0m  [1mBEGIN[0m
  [1m[35m (0.1ms)[0m  ROLLBACK
  [1m[36m (0.1ms)[0m  [1mBEGIN[0m
  [1m[35m (0.1ms)[0m  ROLLBACK
Completed 500 Internal Server Error in 62462ms

ActiveModel::ForbiddenAttributesError (ActiveModel::ForbiddenAttributesError):
  app/controllers/users_controller.rb:13:in `rescue in create'
  app/controllers/users_controller.rb:13:in `create'


  Rendered /home/daniel2/.rvm/gems/ruby-2.0.0-p247@exercise4/gems/actionpack-4.0.1/lib/action_dispatch/middleware/templates/rescues/_source.erb (0.8ms)
  Rendered /home/daniel2/.rvm/gems/ruby-2.0.0-p247@exercise4/gems/actionpack-4.0.1/lib/action_dispatch/middleware/templates/rescues/_trace.erb (2.0ms)
  Rendered /home/daniel2/.rvm/gems/ruby-2.0.0-p247@exercise4/gems/actionpack-4.0.1/lib/action_dispatch/middleware/templates/rescues/_request_and_response.erb (1.2ms)
  Rendered /home/daniel2/.rvm/gems/ruby-2.0.0-p247@exercise4/gems/actionpack-4.0.1/lib/action_dispatch/middleware/templates/rescues/diagnostics.erb within rescues/layout (52.6ms)


Started POST "/users" for 127.0.0.1 at 2013-12-03 12:33:22 -0600

SyntaxError (/home/daniel2/work/junior_evaluation/exercise_4/app/controllers/users_controller.rb:13: syntax error, unexpected ')', expecting keyword_end):
  activesupport (4.0.1) lib/active_support/dependencies.rb:424:in `load'
  activesupport (4.0.1) lib/active_support/dependencies.rb:424:in `block in load_file'
  activesupport (4.0.1) lib/active_support/dependencies.rb:616:in `new_constants_in'
  activesupport (4.0.1) lib/active_support/dependencies.rb:423:in `load_file'
  activesupport (4.0.1) lib/active_support/dependencies.rb:324:in `require_or_load'
  activesupport (4.0.1) lib/active_support/dependencies.rb:463:in `load_missing_constant'
  activesupport (4.0.1) lib/active_support/dependencies.rb:184:in `const_missing'
  activesupport (4.0.1) lib/active_support/inflector/methods.rb:226:in `const_get'
  activesupport (4.0.1) lib/active_support/inflector/methods.rb:226:in `block in constantize'
  activesupport (4.0.1) lib/active_support/inflector/methods.rb:224:in `each'
  activesupport (4.0.1) lib/active_support/inflector/methods.rb:224:in `inject'
  activesupport (4.0.1) lib/active_support/inflector/methods.rb:224:in `constantize'
  activesupport (4.0.1) lib/active_support/dependencies.rb:535:in `get'
  activesupport (4.0.1) lib/active_support/dependencies.rb:566:in `constantize'
  actionpack (4.0.1) lib/action_dispatch/routing/route_set.rb:76:in `controller_reference'
  actionpack (4.0.1) lib/action_dispatch/routing/route_set.rb:66:in `controller'
  actionpack (4.0.1) lib/action_dispatch/routing/route_set.rb:44:in `call'
  actionpack (4.0.1) lib/action_dispatch/journey/router.rb:71:in `block in call'
  actionpack (4.0.1) lib/action_dispatch/journey/router.rb:59:in `each'
  actionpack (4.0.1) lib/action_dispatch/journey/router.rb:59:in `call'
  actionpack (4.0.1) lib/action_dispatch/routing/route_set.rb:680:in `call'
  rack (1.5.2) lib/rack/etag.rb:23:in `call'
  rack (1.5.2) lib/rack/conditionalget.rb:35:in `call'
  rack (1.5.2) lib/rack/head.rb:11:in `call'
  actionpack (4.0.1) lib/action_dispatch/middleware/params_parser.rb:27:in `call'
  actionpack (4.0.1) lib/action_dispatch/middleware/flash.rb:241:in `call'
  rack (1.5.2) lib/rack/session/abstract/id.rb:225:in `context'
  rack (1.5.2) lib/rack/session/abstract/id.rb:220:in `call'
  actionpack (4.0.1) lib/action_dispatch/middleware/cookies.rb:486:in `call'
  activerecord (4.0.1) lib/active_record/query_cache.rb:36:in `call'
  activerecord (4.0.1) lib/active_record/connection_adapters/abstract/connection_pool.rb:626:in `call'
  activerecord (4.0.1) lib/active_record/migration.rb:369:in `call'
  actionpack (4.0.1) lib/action_dispatch/middleware/callbacks.rb:29:in `block in call'
  activesupport (4.0.1) lib/active_support/callbacks.rb:373:in `_run__4303326204130946454__call__callbacks'
  activesupport (4.0.1) lib/active_support/callbacks.rb:80:in `run_callbacks'
  actionpack (4.0.1) lib/action_dispatch/middleware/callbacks.rb:27:in `call'
  actionpack (4.0.1) lib/action_dispatch/middleware/reloader.rb:64:in `call'
  actionpack (4.0.1) lib/action_dispatch/middleware/remote_ip.rb:76:in `call'
  actionpack (4.0.1) lib/action_dispatch/middleware/debug_exceptions.rb:17:in `call'
  actionpack (4.0.1) lib/action_dispatch/middleware/show_exceptions.rb:30:in `call'
  railties (4.0.1) lib/rails/rack/logger.rb:38:in `call_app'
  railties (4.0.1) lib/rails/rack/logger.rb:20:in `block in call'
  activesupport (4.0.1) lib/active_support/tagged_logging.rb:67:in `block in tagged'
  activesupport (4.0.1) lib/active_support/tagged_logging.rb:25:in `tagged'
  activesupport (4.0.1) lib/active_support/tagged_logging.rb:67:in `tagged'
  railties (4.0.1) lib/rails/rack/logger.rb:20:in `call'
  actionpack (4.0.1) lib/action_dispatch/middleware/request_id.rb:21:in `call'
  rack (1.5.2) lib/rack/methodoverride.rb:21:in `call'
  rack (1.5.2) lib/rack/runtime.rb:17:in `call'
  activesupport (4.0.1) lib/active_support/cache/strategy/local_cache.rb:83:in `call'
  rack (1.5.2) lib/rack/lock.rb:17:in `call'
  actionpack (4.0.1) lib/action_dispatch/middleware/static.rb:64:in `call'
  rack (1.5.2) lib/rack/sendfile.rb:112:in `call'
  railties (4.0.1) lib/rails/engine.rb:511:in `call'
  railties (4.0.1) lib/rails/application.rb:97:in `call'
  rack (1.5.2) lib/rack/lock.rb:17:in `call'
  rack (1.5.2) lib/rack/content_length.rb:14:in `call'
  rack (1.5.2) lib/rack/handler/webrick.rb:60:in `service'
  /home/daniel2/.rvm/rubies/ruby-2.0.0-p247/lib/ruby/2.0.0/webrick/httpserver.rb:138:in `service'
  /home/daniel2/.rvm/rubies/ruby-2.0.0-p247/lib/ruby/2.0.0/webrick/httpserver.rb:94:in `run'
  /home/daniel2/.rvm/rubies/ruby-2.0.0-p247/lib/ruby/2.0.0/webrick/server.rb:295:in `block in start_thread'


  Rendered /home/daniel2/.rvm/gems/ruby-2.0.0-p247@exercise4/gems/actionpack-4.0.1/lib/action_dispatch/middleware/templates/rescues/_source.erb (0.6ms)
  Rendered /home/daniel2/.rvm/gems/ruby-2.0.0-p247@exercise4/gems/actionpack-4.0.1/lib/action_dispatch/middleware/templates/rescues/_trace.erb (1.2ms)
  Rendered /home/daniel2/.rvm/gems/ruby-2.0.0-p247@exercise4/gems/actionpack-4.0.1/lib/action_dispatch/middleware/templates/rescues/_request_and_response.erb (1.4ms)
  Rendered /home/daniel2/.rvm/gems/ruby-2.0.0-p247@exercise4/gems/actionpack-4.0.1/lib/action_dispatch/middleware/templates/rescues/diagnostics.erb within rescues/layout (12.3ms)


Started POST "/users" for 127.0.0.1 at 2013-12-03 12:33:26 -0600

SyntaxError (/home/daniel2/work/junior_evaluation/exercise_4/app/controllers/users_controller.rb:13: syntax error, unexpected ')', expecting keyword_end):
  activesupport (4.0.1) lib/active_support/dependencies.rb:424:in `load'
  activesupport (4.0.1) lib/active_support/dependencies.rb:424:in `block in load_file'
  activesupport (4.0.1) lib/active_support/dependencies.rb:616:in `new_constants_in'
  activesupport (4.0.1) lib/active_support/dependencies.rb:423:in `load_file'
  activesupport (4.0.1) lib/active_support/dependencies.rb:324:in `require_or_load'
  activesupport (4.0.1) lib/active_support/dependencies.rb:463:in `load_missing_constant'
  activesupport (4.0.1) lib/active_support/dependencies.rb:184:in `const_missing'
  activesupport (4.0.1) lib/active_support/inflector/methods.rb:226:in `const_get'
  activesupport (4.0.1) lib/active_support/inflector/methods.rb:226:in `block in constantize'
  activesupport (4.0.1) lib/active_support/inflector/methods.rb:224:in `each'
  activesupport (4.0.1) lib/active_support/inflector/methods.rb:224:in `inject'
  activesupport (4.0.1) lib/active_support/inflector/methods.rb:224:in `constantize'
  activesupport (4.0.1) lib/active_support/dependencies.rb:535:in `get'
  activesupport (4.0.1) lib/active_support/dependencies.rb:566:in `constantize'
  actionpack (4.0.1) lib/action_dispatch/routing/route_set.rb:76:in `controller_reference'
  actionpack (4.0.1) lib/action_dispatch/routing/route_set.rb:66:in `controller'
  actionpack (4.0.1) lib/action_dispatch/routing/route_set.rb:44:in `call'
  actionpack (4.0.1) lib/action_dispatch/journey/router.rb:71:in `block in call'
  actionpack (4.0.1) lib/action_dispatch/journey/router.rb:59:in `each'
  actionpack (4.0.1) lib/action_dispatch/journey/router.rb:59:in `call'
  actionpack (4.0.1) lib/action_dispatch/routing/route_set.rb:680:in `call'
  rack (1.5.2) lib/rack/etag.rb:23:in `call'
  rack (1.5.2) lib/rack/conditionalget.rb:35:in `call'
  rack (1.5.2) lib/rack/head.rb:11:in `call'
  actionpack (4.0.1) lib/action_dispatch/middleware/params_parser.rb:27:in `call'
  actionpack (4.0.1) lib/action_dispatch/middleware/flash.rb:241:in `call'
  rack (1.5.2) lib/rack/session/abstract/id.rb:225:in `context'
  rack (1.5.2) lib/rack/session/abstract/id.rb:220:in `call'
  actionpack (4.0.1) lib/action_dispatch/middleware/cookies.rb:486:in `call'
  activerecord (4.0.1) lib/active_record/query_cache.rb:36:in `call'
  activerecord (4.0.1) lib/active_record/connection_adapters/abstract/connection_pool.rb:626:in `call'
  activerecord (4.0.1) lib/active_record/migration.rb:369:in `call'
  actionpack (4.0.1) lib/action_dispatch/middleware/callbacks.rb:29:in `block in call'
  activesupport (4.0.1) lib/active_support/callbacks.rb:373:in `_run__4303326204130946454__call__callbacks'
  activesupport (4.0.1) lib/active_support/callbacks.rb:80:in `run_callbacks'
  actionpack (4.0.1) lib/action_dispatch/middleware/callbacks.rb:27:in `call'
  actionpack (4.0.1) lib/action_dispatch/middleware/reloader.rb:64:in `call'
  actionpack (4.0.1) lib/action_dispatch/middleware/remote_ip.rb:76:in `call'
  actionpack (4.0.1) lib/action_dispatch/middleware/debug_exceptions.rb:17:in `call'
  actionpack (4.0.1) lib/action_dispatch/middleware/show_exceptions.rb:30:in `call'
  railties (4.0.1) lib/rails/rack/logger.rb:38:in `call_app'
  railties (4.0.1) lib/rails/rack/logger.rb:20:in `block in call'
  activesupport (4.0.1) lib/active_support/tagged_logging.rb:67:in `block in tagged'
  activesupport (4.0.1) lib/active_support/tagged_logging.rb:25:in `tagged'
  activesupport (4.0.1) lib/active_support/tagged_logging.rb:67:in `tagged'
  railties (4.0.1) lib/rails/rack/logger.rb:20:in `call'
  actionpack (4.0.1) lib/action_dispatch/middleware/request_id.rb:21:in `call'
  rack (1.5.2) lib/rack/methodoverride.rb:21:in `call'
  rack (1.5.2) lib/rack/runtime.rb:17:in `call'
  activesupport (4.0.1) lib/active_support/cache/strategy/local_cache.rb:83:in `call'
  rack (1.5.2) lib/rack/lock.rb:17:in `call'
  actionpack (4.0.1) lib/action_dispatch/middleware/static.rb:64:in `call'
  rack (1.5.2) lib/rack/sendfile.rb:112:in `call'
  railties (4.0.1) lib/rails/engine.rb:511:in `call'
  railties (4.0.1) lib/rails/application.rb:97:in `call'
  rack (1.5.2) lib/rack/lock.rb:17:in `call'
  rack (1.5.2) lib/rack/content_length.rb:14:in `call'
  rack (1.5.2) lib/rack/handler/webrick.rb:60:in `service'
  /home/daniel2/.rvm/rubies/ruby-2.0.0-p247/lib/ruby/2.0.0/webrick/httpserver.rb:138:in `service'
  /home/daniel2/.rvm/rubies/ruby-2.0.0-p247/lib/ruby/2.0.0/webrick/httpserver.rb:94:in `run'
  /home/daniel2/.rvm/rubies/ruby-2.0.0-p247/lib/ruby/2.0.0/webrick/server.rb:295:in `block in start_thread'


  Rendered /home/daniel2/.rvm/gems/ruby-2.0.0-p247@exercise4/gems/actionpack-4.0.1/lib/action_dispatch/middleware/templates/rescues/_source.erb (0.8ms)
  Rendered /home/daniel2/.rvm/gems/ruby-2.0.0-p247@exercise4/gems/actionpack-4.0.1/lib/action_dispatch/middleware/templates/rescues/_trace.erb (1.2ms)
  Rendered /home/daniel2/.rvm/gems/ruby-2.0.0-p247@exercise4/gems/actionpack-4.0.1/lib/action_dispatch/middleware/templates/rescues/_request_and_response.erb (1.4ms)
  Rendered /home/daniel2/.rvm/gems/ruby-2.0.0-p247@exercise4/gems/actionpack-4.0.1/lib/action_dispatch/middleware/templates/rescues/diagnostics.erb within rescues/layout (13.0ms)


Started POST "/users" for 127.0.0.1 at 2013-12-03 12:35:03 -0600

SyntaxError (/home/daniel2/work/junior_evaluation/exercise_4/app/controllers/users_controller.rb:17: syntax error, unexpected ')', expecting keyword_then or ';' or '\n'
/home/daniel2/work/junior_evaluation/exercise_4/app/controllers/users_controller.rb:33: syntax error, unexpected end-of-input, expecting keyword_end):
  activesupport (4.0.1) lib/active_support/dependencies.rb:424:in `load'
  activesupport (4.0.1) lib/active_support/dependencies.rb:424:in `block in load_file'
  activesupport (4.0.1) lib/active_support/dependencies.rb:616:in `new_constants_in'
  activesupport (4.0.1) lib/active_support/dependencies.rb:423:in `load_file'
  activesupport (4.0.1) lib/active_support/dependencies.rb:324:in `require_or_load'
  activesupport (4.0.1) lib/active_support/dependencies.rb:463:in `load_missing_constant'
  activesupport (4.0.1) lib/active_support/dependencies.rb:184:in `const_missing'
  activesupport (4.0.1) lib/active_support/inflector/methods.rb:226:in `const_get'
  activesupport (4.0.1) lib/active_support/inflector/methods.rb:226:in `block in constantize'
  activesupport (4.0.1) lib/active_support/inflector/methods.rb:224:in `each'
  activesupport (4.0.1) lib/active_support/inflector/methods.rb:224:in `inject'
  activesupport (4.0.1) lib/active_support/inflector/methods.rb:224:in `constantize'
  activesupport (4.0.1) lib/active_support/dependencies.rb:535:in `get'
  activesupport (4.0.1) lib/active_support/dependencies.rb:566:in `constantize'
  actionpack (4.0.1) lib/action_dispatch/routing/route_set.rb:76:in `controller_reference'
  actionpack (4.0.1) lib/action_dispatch/routing/route_set.rb:66:in `controller'
  actionpack (4.0.1) lib/action_dispatch/routing/route_set.rb:44:in `call'
  actionpack (4.0.1) lib/action_dispatch/journey/router.rb:71:in `block in call'
  actionpack (4.0.1) lib/action_dispatch/journey/router.rb:59:in `each'
  actionpack (4.0.1) lib/action_dispatch/journey/router.rb:59:in `call'
  actionpack (4.0.1) lib/action_dispatch/routing/route_set.rb:680:in `call'
  rack (1.5.2) lib/rack/etag.rb:23:in `call'
  rack (1.5.2) lib/rack/conditionalget.rb:35:in `call'
  rack (1.5.2) lib/rack/head.rb:11:in `call'
  actionpack (4.0.1) lib/action_dispatch/middleware/params_parser.rb:27:in `call'
  actionpack (4.0.1) lib/action_dispatch/middleware/flash.rb:241:in `call'
  rack (1.5.2) lib/rack/session/abstract/id.rb:225:in `context'
  rack (1.5.2) lib/rack/session/abstract/id.rb:220:in `call'
  actionpack (4.0.1) lib/action_dispatch/middleware/cookies.rb:486:in `call'
  activerecord (4.0.1) lib/active_record/query_cache.rb:36:in `call'
  activerecord (4.0.1) lib/active_record/connection_adapters/abstract/connection_pool.rb:626:in `call'
  activerecord (4.0.1) lib/active_record/migration.rb:369:in `call'
  actionpack (4.0.1) lib/action_dispatch/middleware/callbacks.rb:29:in `block in call'
  activesupport (4.0.1) lib/active_support/callbacks.rb:373:in `_run__4303326204130946454__call__callbacks'
  activesupport (4.0.1) lib/active_support/callbacks.rb:80:in `run_callbacks'
  actionpack (4.0.1) lib/action_dispatch/middleware/callbacks.rb:27:in `call'
  actionpack (4.0.1) lib/action_dispatch/middleware/reloader.rb:64:in `call'
  actionpack (4.0.1) lib/action_dispatch/middleware/remote_ip.rb:76:in `call'
  actionpack (4.0.1) lib/action_dispatch/middleware/debug_exceptions.rb:17:in `call'
  actionpack (4.0.1) lib/action_dispatch/middleware/show_exceptions.rb:30:in `call'
  railties (4.0.1) lib/rails/rack/logger.rb:38:in `call_app'
  railties (4.0.1) lib/rails/rack/logger.rb:20:in `block in call'
  activesupport (4.0.1) lib/active_support/tagged_logging.rb:67:in `block in tagged'
  activesupport (4.0.1) lib/active_support/tagged_logging.rb:25:in `tagged'
  activesupport (4.0.1) lib/active_support/tagged_logging.rb:67:in `tagged'
  railties (4.0.1) lib/rails/rack/logger.rb:20:in `call'
  actionpack (4.0.1) lib/action_dispatch/middleware/request_id.rb:21:in `call'
  rack (1.5.2) lib/rack/methodoverride.rb:21:in `call'
  rack (1.5.2) lib/rack/runtime.rb:17:in `call'
  activesupport (4.0.1) lib/active_support/cache/strategy/local_cache.rb:83:in `call'
  rack (1.5.2) lib/rack/lock.rb:17:in `call'
  actionpack (4.0.1) lib/action_dispatch/middleware/static.rb:64:in `call'
  rack (1.5.2) lib/rack/sendfile.rb:112:in `call'
  railties (4.0.1) lib/rails/engine.rb:511:in `call'
  railties (4.0.1) lib/rails/application.rb:97:in `call'
  rack (1.5.2) lib/rack/lock.rb:17:in `call'
  rack (1.5.2) lib/rack/content_length.rb:14:in `call'
  rack (1.5.2) lib/rack/handler/webrick.rb:60:in `service'
  /home/daniel2/.rvm/rubies/ruby-2.0.0-p247/lib/ruby/2.0.0/webrick/httpserver.rb:138:in `service'
  /home/daniel2/.rvm/rubies/ruby-2.0.0-p247/lib/ruby/2.0.0/webrick/httpserver.rb:94:in `run'
  /home/daniel2/.rvm/rubies/ruby-2.0.0-p247/lib/ruby/2.0.0/webrick/server.rb:295:in `block in start_thread'


  Rendered /home/daniel2/.rvm/gems/ruby-2.0.0-p247@exercise4/gems/actionpack-4.0.1/lib/action_dispatch/middleware/templates/rescues/_source.erb (0.5ms)
  Rendered /home/daniel2/.rvm/gems/ruby-2.0.0-p247@exercise4/gems/actionpack-4.0.1/lib/action_dispatch/middleware/templates/rescues/_trace.erb (1.1ms)
  Rendered /home/daniel2/.rvm/gems/ruby-2.0.0-p247@exercise4/gems/actionpack-4.0.1/lib/action_dispatch/middleware/templates/rescues/_request_and_response.erb (2.0ms)
  Rendered /home/daniel2/.rvm/gems/ruby-2.0.0-p247@exercise4/gems/actionpack-4.0.1/lib/action_dispatch/middleware/templates/rescues/diagnostics.erb within rescues/layout (13.3ms)


Started POST "/users" for 127.0.0.1 at 2013-12-03 12:35:38 -0600

SyntaxError (/home/daniel2/work/junior_evaluation/exercise_4/app/controllers/users_controller.rb:17: syntax error, unexpected ')', expecting keyword_end
/home/daniel2/work/junior_evaluation/exercise_4/app/controllers/users_controller.rb:35: syntax error, unexpected end-of-input, expecting keyword_end):
  activesupport (4.0.1) lib/active_support/dependencies.rb:424:in `load'
  activesupport (4.0.1) lib/active_support/dependencies.rb:424:in `block in load_file'
  activesupport (4.0.1) lib/active_support/dependencies.rb:616:in `new_constants_in'
  activesupport (4.0.1) lib/active_support/dependencies.rb:423:in `load_file'
  activesupport (4.0.1) lib/active_support/dependencies.rb:324:in `require_or_load'
  activesupport (4.0.1) lib/active_support/dependencies.rb:463:in `load_missing_constant'
  activesupport (4.0.1) lib/active_support/dependencies.rb:184:in `const_missing'
  activesupport (4.0.1) lib/active_support/inflector/methods.rb:226:in `const_get'
  activesupport (4.0.1) lib/active_support/inflector/methods.rb:226:in `block in constantize'
  activesupport (4.0.1) lib/active_support/inflector/methods.rb:224:in `each'
  activesupport (4.0.1) lib/active_support/inflector/methods.rb:224:in `inject'
  activesupport (4.0.1) lib/active_support/inflector/methods.rb:224:in `constantize'
  activesupport (4.0.1) lib/active_support/dependencies.rb:535:in `get'
  activesupport (4.0.1) lib/active_support/dependencies.rb:566:in `constantize'
  actionpack (4.0.1) lib/action_dispatch/routing/route_set.rb:76:in `controller_reference'
  actionpack (4.0.1) lib/action_dispatch/routing/route_set.rb:66:in `controller'
  actionpack (4.0.1) lib/action_dispatch/routing/route_set.rb:44:in `call'
  actionpack (4.0.1) lib/action_dispatch/journey/router.rb:71:in `block in call'
  actionpack (4.0.1) lib/action_dispatch/journey/router.rb:59:in `each'
  actionpack (4.0.1) lib/action_dispatch/journey/router.rb:59:in `call'
  actionpack (4.0.1) lib/action_dispatch/routing/route_set.rb:680:in `call'
  rack (1.5.2) lib/rack/etag.rb:23:in `call'
  rack (1.5.2) lib/rack/conditionalget.rb:35:in `call'
  rack (1.5.2) lib/rack/head.rb:11:in `call'
  actionpack (4.0.1) lib/action_dispatch/middleware/params_parser.rb:27:in `call'
  actionpack (4.0.1) lib/action_dispatch/middleware/flash.rb:241:in `call'
  rack (1.5.2) lib/rack/session/abstract/id.rb:225:in `context'
  rack (1.5.2) lib/rack/session/abstract/id.rb:220:in `call'
  actionpack (4.0.1) lib/action_dispatch/middleware/cookies.rb:486:in `call'
  activerecord (4.0.1) lib/active_record/query_cache.rb:36:in `call'
  activerecord (4.0.1) lib/active_record/connection_adapters/abstract/connection_pool.rb:626:in `call'
  activerecord (4.0.1) lib/active_record/migration.rb:369:in `call'
  actionpack (4.0.1) lib/action_dispatch/middleware/callbacks.rb:29:in `block in call'
  activesupport (4.0.1) lib/active_support/callbacks.rb:373:in `_run__4303326204130946454__call__callbacks'
  activesupport (4.0.1) lib/active_support/callbacks.rb:80:in `run_callbacks'
  actionpack (4.0.1) lib/action_dispatch/middleware/callbacks.rb:27:in `call'
  actionpack (4.0.1) lib/action_dispatch/middleware/reloader.rb:64:in `call'
  actionpack (4.0.1) lib/action_dispatch/middleware/remote_ip.rb:76:in `call'
  actionpack (4.0.1) lib/action_dispatch/middleware/debug_exceptions.rb:17:in `call'
  actionpack (4.0.1) lib/action_dispatch/middleware/show_exceptions.rb:30:in `call'
  railties (4.0.1) lib/rails/rack/logger.rb:38:in `call_app'
  railties (4.0.1) lib/rails/rack/logger.rb:20:in `block in call'
  activesupport (4.0.1) lib/active_support/tagged_logging.rb:67:in `block in tagged'
  activesupport (4.0.1) lib/active_support/tagged_logging.rb:25:in `tagged'
  activesupport (4.0.1) lib/active_support/tagged_logging.rb:67:in `tagged'
  railties (4.0.1) lib/rails/rack/logger.rb:20:in `call'
  actionpack (4.0.1) lib/action_dispatch/middleware/request_id.rb:21:in `call'
  rack (1.5.2) lib/rack/methodoverride.rb:21:in `call'
  rack (1.5.2) lib/rack/runtime.rb:17:in `call'
  activesupport (4.0.1) lib/active_support/cache/strategy/local_cache.rb:83:in `call'
  rack (1.5.2) lib/rack/lock.rb:17:in `call'
  actionpack (4.0.1) lib/action_dispatch/middleware/static.rb:64:in `call'
  rack (1.5.2) lib/rack/sendfile.rb:112:in `call'
  railties (4.0.1) lib/rails/engine.rb:511:in `call'
  railties (4.0.1) lib/rails/application.rb:97:in `call'
  rack (1.5.2) lib/rack/lock.rb:17:in `call'
  rack (1.5.2) lib/rack/content_length.rb:14:in `call'
  rack (1.5.2) lib/rack/handler/webrick.rb:60:in `service'
  /home/daniel2/.rvm/rubies/ruby-2.0.0-p247/lib/ruby/2.0.0/webrick/httpserver.rb:138:in `service'
  /home/daniel2/.rvm/rubies/ruby-2.0.0-p247/lib/ruby/2.0.0/webrick/httpserver.rb:94:in `run'
  /home/daniel2/.rvm/rubies/ruby-2.0.0-p247/lib/ruby/2.0.0/webrick/server.rb:295:in `block in start_thread'


  Rendered /home/daniel2/.rvm/gems/ruby-2.0.0-p247@exercise4/gems/actionpack-4.0.1/lib/action_dispatch/middleware/templates/rescues/_source.erb (0.6ms)
  Rendered /home/daniel2/.rvm/gems/ruby-2.0.0-p247@exercise4/gems/actionpack-4.0.1/lib/action_dispatch/middleware/templates/rescues/_trace.erb (1.1ms)
  Rendered /home/daniel2/.rvm/gems/ruby-2.0.0-p247@exercise4/gems/actionpack-4.0.1/lib/action_dispatch/middleware/templates/rescues/_request_and_response.erb (1.4ms)
  Rendered /home/daniel2/.rvm/gems/ruby-2.0.0-p247@exercise4/gems/actionpack-4.0.1/lib/action_dispatch/middleware/templates/rescues/diagnostics.erb within rescues/layout (12.7ms)


Started POST "/users" for 127.0.0.1 at 2013-12-03 12:36:12 -0600

SyntaxError (/home/daniel2/work/junior_evaluation/exercise_4/app/controllers/users_controller.rb:18: syntax error, unexpected ')', expecting keyword_end
/home/daniel2/work/junior_evaluation/exercise_4/app/controllers/users_controller.rb:36: syntax error, unexpected end-of-input, expecting keyword_end):
  activesupport (4.0.1) lib/active_support/dependencies.rb:424:in `load'
  activesupport (4.0.1) lib/active_support/dependencies.rb:424:in `block in load_file'
  activesupport (4.0.1) lib/active_support/dependencies.rb:616:in `new_constants_in'
  activesupport (4.0.1) lib/active_support/dependencies.rb:423:in `load_file'
  activesupport (4.0.1) lib/active_support/dependencies.rb:324:in `require_or_load'
  activesupport (4.0.1) lib/active_support/dependencies.rb:463:in `load_missing_constant'
  activesupport (4.0.1) lib/active_support/dependencies.rb:184:in `const_missing'
  activesupport (4.0.1) lib/active_support/inflector/methods.rb:226:in `const_get'
  activesupport (4.0.1) lib/active_support/inflector/methods.rb:226:in `block in constantize'
  activesupport (4.0.1) lib/active_support/inflector/methods.rb:224:in `each'
  activesupport (4.0.1) lib/active_support/inflector/methods.rb:224:in `inject'
  activesupport (4.0.1) lib/active_support/inflector/methods.rb:224:in `constantize'
  activesupport (4.0.1) lib/active_support/dependencies.rb:535:in `get'
  activesupport (4.0.1) lib/active_support/dependencies.rb:566:in `constantize'
  actionpack (4.0.1) lib/action_dispatch/routing/route_set.rb:76:in `controller_reference'
  actionpack (4.0.1) lib/action_dispatch/routing/route_set.rb:66:in `controller'
  actionpack (4.0.1) lib/action_dispatch/routing/route_set.rb:44:in `call'
  actionpack (4.0.1) lib/action_dispatch/journey/router.rb:71:in `block in call'
  actionpack (4.0.1) lib/action_dispatch/journey/router.rb:59:in `each'
  actionpack (4.0.1) lib/action_dispatch/journey/router.rb:59:in `call'
  actionpack (4.0.1) lib/action_dispatch/routing/route_set.rb:680:in `call'
  rack (1.5.2) lib/rack/etag.rb:23:in `call'
  rack (1.5.2) lib/rack/conditionalget.rb:35:in `call'
  rack (1.5.2) lib/rack/head.rb:11:in `call'
  actionpack (4.0.1) lib/action_dispatch/middleware/params_parser.rb:27:in `call'
  actionpack (4.0.1) lib/action_dispatch/middleware/flash.rb:241:in `call'
  rack (1.5.2) lib/rack/session/abstract/id.rb:225:in `context'
  rack (1.5.2) lib/rack/session/abstract/id.rb:220:in `call'
  actionpack (4.0.1) lib/action_dispatch/middleware/cookies.rb:486:in `call'
  activerecord (4.0.1) lib/active_record/query_cache.rb:36:in `call'
  activerecord (4.0.1) lib/active_record/connection_adapters/abstract/connection_pool.rb:626:in `call'
  activerecord (4.0.1) lib/active_record/migration.rb:369:in `call'
  actionpack (4.0.1) lib/action_dispatch/middleware/callbacks.rb:29:in `block in call'
  activesupport (4.0.1) lib/active_support/callbacks.rb:373:in `_run__4303326204130946454__call__callbacks'
  activesupport (4.0.1) lib/active_support/callbacks.rb:80:in `run_callbacks'
  actionpack (4.0.1) lib/action_dispatch/middleware/callbacks.rb:27:in `call'
  actionpack (4.0.1) lib/action_dispatch/middleware/reloader.rb:64:in `call'
  actionpack (4.0.1) lib/action_dispatch/middleware/remote_ip.rb:76:in `call'
  actionpack (4.0.1) lib/action_dispatch/middleware/debug_exceptions.rb:17:in `call'
  actionpack (4.0.1) lib/action_dispatch/middleware/show_exceptions.rb:30:in `call'
  railties (4.0.1) lib/rails/rack/logger.rb:38:in `call_app'
  railties (4.0.1) lib/rails/rack/logger.rb:20:in `block in call'
  activesupport (4.0.1) lib/active_support/tagged_logging.rb:67:in `block in tagged'
  activesupport (4.0.1) lib/active_support/tagged_logging.rb:25:in `tagged'
  activesupport (4.0.1) lib/active_support/tagged_logging.rb:67:in `tagged'
  railties (4.0.1) lib/rails/rack/logger.rb:20:in `call'
  actionpack (4.0.1) lib/action_dispatch/middleware/request_id.rb:21:in `call'
  rack (1.5.2) lib/rack/methodoverride.rb:21:in `call'
  rack (1.5.2) lib/rack/runtime.rb:17:in `call'
  activesupport (4.0.1) lib/active_support/cache/strategy/local_cache.rb:83:in `call'
  rack (1.5.2) lib/rack/lock.rb:17:in `call'
  actionpack (4.0.1) lib/action_dispatch/middleware/static.rb:64:in `call'
  rack (1.5.2) lib/rack/sendfile.rb:112:in `call'
  railties (4.0.1) lib/rails/engine.rb:511:in `call'
  railties (4.0.1) lib/rails/application.rb:97:in `call'
  rack (1.5.2) lib/rack/lock.rb:17:in `call'
  rack (1.5.2) lib/rack/content_length.rb:14:in `call'
  rack (1.5.2) lib/rack/handler/webrick.rb:60:in `service'
  /home/daniel2/.rvm/rubies/ruby-2.0.0-p247/lib/ruby/2.0.0/webrick/httpserver.rb:138:in `service'
  /home/daniel2/.rvm/rubies/ruby-2.0.0-p247/lib/ruby/2.0.0/webrick/httpserver.rb:94:in `run'
  /home/daniel2/.rvm/rubies/ruby-2.0.0-p247/lib/ruby/2.0.0/webrick/server.rb:295:in `block in start_thread'


  Rendered /home/daniel2/.rvm/gems/ruby-2.0.0-p247@exercise4/gems/actionpack-4.0.1/lib/action_dispatch/middleware/templates/rescues/_source.erb (1.0ms)
  Rendered /home/daniel2/.rvm/gems/ruby-2.0.0-p247@exercise4/gems/actionpack-4.0.1/lib/action_dispatch/middleware/templates/rescues/_trace.erb (1.2ms)
  Rendered /home/daniel2/.rvm/gems/ruby-2.0.0-p247@exercise4/gems/actionpack-4.0.1/lib/action_dispatch/middleware/templates/rescues/_request_and_response.erb (1.3ms)
  Rendered /home/daniel2/.rvm/gems/ruby-2.0.0-p247@exercise4/gems/actionpack-4.0.1/lib/action_dispatch/middleware/templates/rescues/diagnostics.erb within rescues/layout (14.0ms)


Started POST "/users" for 127.0.0.1 at 2013-12-03 12:36:35 -0600
Processing by UsersController#create as HTML
  Parameters: {"utf8"=>"✓", "authenticity_token"=>"MpN33cBhTQ/AsY1GLZNPzUZts9gGngRa3/lRkt3KFDk=", "user"=>{"name"=>"", "last_name"=>"", "mail"=>"", "password"=>"[FILTERED]"}, "commit"=>"Create User"}
  [1m[36m (0.3ms)[0m  [1mBEGIN[0m
  [1m[35m (0.3ms)[0m  ROLLBACK
Completed 422 Unprocessable Entity in 19359ms

ActiveRecord::RecordInvalid (Validation failed: Name can't be blank, Last name can't be blank, Mail can't be blank, Password can't be blank):
  app/controllers/users_controller.rb:13:in `create'


  Rendered /home/daniel2/.rvm/gems/ruby-2.0.0-p247@exercise4/gems/actionpack-4.0.1/lib/action_dispatch/middleware/templates/rescues/_source.erb (0.9ms)
  Rendered /home/daniel2/.rvm/gems/ruby-2.0.0-p247@exercise4/gems/actionpack-4.0.1/lib/action_dispatch/middleware/templates/rescues/_trace.erb (1.1ms)
  Rendered /home/daniel2/.rvm/gems/ruby-2.0.0-p247@exercise4/gems/actionpack-4.0.1/lib/action_dispatch/middleware/templates/rescues/_request_and_response.erb (0.9ms)
  Rendered /home/daniel2/.rvm/gems/ruby-2.0.0-p247@exercise4/gems/actionpack-4.0.1/lib/action_dispatch/middleware/templates/rescues/diagnostics.erb within rescues/layout (13.1ms)


Started POST "/users" for 127.0.0.1 at 2013-12-03 12:36:59 -0600
Processing by UsersController#create as HTML
  Parameters: {"utf8"=>"✓", "authenticity_token"=>"MpN33cBhTQ/AsY1GLZNPzUZts9gGngRa3/lRkt3KFDk=", "user"=>{"name"=>"asdasd", "last_name"=>"hj", "mail"=>"h", "password"=>"[FILTERED]"}, "commit"=>"Create User"}
  [1m[36m (0.4ms)[0m  [1mBEGIN[0m
  [1m[35mSQL (5.1ms)[0m  INSERT INTO "users" ("created_at", "last_name", "mail", "name", "password", "updated_at") VALUES ($1, $2, $3, $4, $5, $6) RETURNING "id"  [["created_at", Tue, 03 Dec 2013 18:37:36 UTC +00:00], ["last_name", "hj"], ["mail", "h"], ["name", "asdasd"], ["password", "hj"], ["updated_at", Tue, 03 Dec 2013 18:37:36 UTC +00:00]]
  [1m[36m (13.2ms)[0m  [1mCOMMIT[0m
  [1m[35mUser Load (1.6ms)[0m  SELECT "users".* FROM "users" ORDER BY "users"."id" DESC LIMIT 1
  [1m[36mCACHE (0.1ms)[0m  [1mSELECT "users".* FROM "users" ORDER BY "users"."id" DESC LIMIT 1[0m
  [1m[35mSQL (8.8ms)[0m  DELETE FROM "users" WHERE "users"."id" = 1
  [1m[36m (0.3ms)[0m  [1mBEGIN[0m
  [1m[35mSQL (1.0ms)[0m  INSERT INTO "users" ("created_at", "last_name", "mail", "name", "password", "updated_at") VALUES ($1, $2, $3, $4, $5, $6) RETURNING "id"  [["created_at", Tue, 03 Dec 2013 18:37:54 UTC +00:00], ["last_name", "hj"], ["mail", "h"], ["name", "asdasd"], ["password", "hj"], ["updated_at", Tue, 03 Dec 2013 18:37:54 UTC +00:00]]
  [1m[36m (9.8ms)[0m  [1mCOMMIT[0m
Redirected to http://localhost:3000/users
Completed 302 Found in 55105ms (ActiveRecord: 40.7ms)


Started POST "/users" for 127.0.0.1 at 2013-12-03 12:37:59 -0600
Processing by UsersController#create as HTML
  Parameters: {"utf8"=>"✓", "authenticity_token"=>"MpN33cBhTQ/AsY1GLZNPzUZts9gGngRa3/lRkt3KFDk=", "user"=>{"name"=>"asdasd", "last_name"=>"hj", "mail"=>"h", "password"=>"[FILTERED]"}, "commit"=>"Create User"}
  [1m[35m (0.2ms)[0m  BEGIN
  [1m[36m (0.2ms)[0m  [1mROLLBACK[0m
Completed 422 Unprocessable Entity in 53019ms

ActiveRecord::RecordInvalid (Validation failed: Password can't be blank):
  app/controllers/users_controller.rb:13:in `create'


  Rendered /home/daniel2/.rvm/gems/ruby-2.0.0-p247@exercise4/gems/actionpack-4.0.1/lib/action_dispatch/middleware/templates/rescues/_source.erb (0.6ms)
  Rendered /home/daniel2/.rvm/gems/ruby-2.0.0-p247@exercise4/gems/actionpack-4.0.1/lib/action_dispatch/middleware/templates/rescues/_trace.erb (1.1ms)
  Rendered /home/daniel2/.rvm/gems/ruby-2.0.0-p247@exercise4/gems/actionpack-4.0.1/lib/action_dispatch/middleware/templates/rescues/_request_and_response.erb (1.1ms)
  Rendered /home/daniel2/.rvm/gems/ruby-2.0.0-p247@exercise4/gems/actionpack-4.0.1/lib/action_dispatch/middleware/templates/rescues/diagnostics.erb within rescues/layout (11.9ms)


Started POST "/users" for 127.0.0.1 at 2013-12-03 12:38:58 -0600
Processing by UsersController#create as HTML
  Parameters: {"utf8"=>"✓", "authenticity_token"=>"MpN33cBhTQ/AsY1GLZNPzUZts9gGngRa3/lRkt3KFDk=", "user"=>{"name"=>"", "last_name"=>"", "mail"=>"", "password"=>"[FILTERED]"}, "commit"=>"Create User"}
Redirected to http://localhost:3000/users/new
Completed 302 Found in 23ms (ActiveRecord: 2.9ms)


Started GET "/users/new" for 127.0.0.1 at 2013-12-03 12:38:58 -0600
Processing by UsersController#new as HTML
  Rendered users/new.html.erb within layouts/application (5.8ms)
Completed 200 OK in 11ms (Views: 10.5ms | ActiveRecord: 0.0ms)


Started GET "/assets/application.css?body=1" for 127.0.0.1 at 2013-12-03 12:38:58 -0600


Started GET "/assets/jquery_ujs.js?body=1" for 127.0.0.1 at 2013-12-03 12:38:58 -0600


Started GET "/assets/jquery.js?body=1" for 127.0.0.1 at 2013-12-03 12:38:58 -0600


Started GET "/assets/turbolinks.js?body=1" for 127.0.0.1 at 2013-12-03 12:38:58 -0600


Started GET "/assets/users.css?body=1" for 127.0.0.1 at 2013-12-03 12:38:58 -0600


Started GET "/assets/users.js?body=1" for 127.0.0.1 at 2013-12-03 12:38:58 -0600


Started GET "/assets/application.js?body=1" for 127.0.0.1 at 2013-12-03 12:38:58 -0600


Started POST "/users" for 127.0.0.1 at 2013-12-03 12:38:59 -0600
Processing by UsersController#create as HTML
  Parameters: {"utf8"=>"✓", "authenticity_token"=>"MpN33cBhTQ/AsY1GLZNPzUZts9gGngRa3/lRkt3KFDk=", "user"=>{"name"=>"", "last_name"=>"", "mail"=>"", "password"=>"[FILTERED]"}, "commit"=>"Create User"}
Redirected to http://localhost:3000/users/new
Completed 302 Found in 5ms (ActiveRecord: 0.0ms)


Started GET "/users/new" for 127.0.0.1 at 2013-12-03 12:38:59 -0600
Processing by UsersController#new as HTML
  Rendered users/new.html.erb within layouts/application (3.4ms)
Completed 200 OK in 8ms (Views: 7.1ms | ActiveRecord: 0.0ms)


Started GET "/assets/application.css?body=1" for 127.0.0.1 at 2013-12-03 12:38:59 -0600


Started GET "/assets/users.css?body=1" for 127.0.0.1 at 2013-12-03 12:38:59 -0600


Started GET "/assets/jquery.js?body=1" for 127.0.0.1 at 2013-12-03 12:38:59 -0600


Started GET "/assets/turbolinks.js?body=1" for 127.0.0.1 at 2013-12-03 12:38:59 -0600


Started GET "/assets/jquery_ujs.js?body=1" for 127.0.0.1 at 2013-12-03 12:38:59 -0600


Started GET "/assets/users.js?body=1" for 127.0.0.1 at 2013-12-03 12:38:59 -0600


Started GET "/assets/application.js?body=1" for 127.0.0.1 at 2013-12-03 12:38:59 -0600


Started POST "/users" for 127.0.0.1 at 2013-12-03 12:39:03 -0600
Processing by UsersController#create as HTML
  Parameters: {"utf8"=>"✓", "authenticity_token"=>"MpN33cBhTQ/AsY1GLZNPzUZts9gGngRa3/lRkt3KFDk=", "user"=>{"name"=>"asdasdasd", "last_name"=>"j", "mail"=>"jj", "password"=>"[FILTERED]"}, "commit"=>"Create User"}
  [1m[35m (0.1ms)[0m  BEGIN
  [1m[36mSQL (0.6ms)[0m  [1mINSERT INTO "users" ("created_at", "last_name", "mail", "name", "password", "updated_at") VALUES ($1, $2, $3, $4, $5, $6) RETURNING "id"[0m  [["created_at", Tue, 03 Dec 2013 18:39:03 UTC +00:00], ["last_name", "j"], ["mail", "jj"], ["name", "asdasdasd"], ["password", "j"], ["updated_at", Tue, 03 Dec 2013 18:39:03 UTC +00:00]]
  [1m[35m (34.1ms)[0m  COMMIT
Redirected to http://localhost:3000/users
Completed 302 Found in 41ms (ActiveRecord: 34.8ms)


Started GET "/users" for 127.0.0.1 at 2013-12-03 12:39:03 -0600
Processing by UsersController#index as HTML
  [1m[36mUser Load (0.4ms)[0m  [1mSELECT "users".* FROM "users"[0m
  Rendered users/index.html.erb within layouts/application (4.5ms)
Completed 200 OK in 13ms (Views: 11.2ms | ActiveRecord: 0.4ms)


Started GET "/assets/application.css?body=1" for 127.0.0.1 at 2013-12-03 12:39:03 -0600


Started GET "/assets/jquery_ujs.js?body=1" for 127.0.0.1 at 2013-12-03 12:39:03 -0600


Started GET "/assets/turbolinks.js?body=1" for 127.0.0.1 at 2013-12-03 12:39:03 -0600


Started GET "/assets/users.css?body=1" for 127.0.0.1 at 2013-12-03 12:39:03 -0600


Started GET "/assets/users.js?body=1" for 127.0.0.1 at 2013-12-03 12:39:03 -0600


Started GET "/assets/application.js?body=1" for 127.0.0.1 at 2013-12-03 12:39:03 -0600


Started GET "/assets/jquery.js?body=1" for 127.0.0.1 at 2013-12-03 12:39:03 -0600


Started GET "/users" for 127.0.0.1 at 2013-12-03 12:39:04 -0600
Processing by UsersController#index as HTML
  [1m[35mUser Load (0.8ms)[0m  SELECT "users".* FROM "users"
  Rendered users/index.html.erb within layouts/application (2.3ms)
Completed 200 OK in 7ms (Views: 5.1ms | ActiveRecord: 0.8ms)


Started GET "/assets/application.css?body=1" for 127.0.0.1 at 2013-12-03 12:39:04 -0600


Started GET "/assets/users.css?body=1" for 127.0.0.1 at 2013-12-03 12:39:04 -0600


Started GET "/assets/jquery.js?body=1" for 127.0.0.1 at 2013-12-03 12:39:04 -0600


Started GET "/assets/users.js?body=1" for 127.0.0.1 at 2013-12-03 12:39:04 -0600


Started GET "/assets/jquery_ujs.js?body=1" for 127.0.0.1 at 2013-12-03 12:39:04 -0600


Started GET "/assets/turbolinks.js?body=1" for 127.0.0.1 at 2013-12-03 12:39:04 -0600


Started GET "/assets/application.js?body=1" for 127.0.0.1 at 2013-12-03 12:39:04 -0600


Started GET "/users/new" for 127.0.0.1 at 2013-12-03 12:39:05 -0600
Processing by UsersController#new as HTML
  Rendered users/new.html.erb within layouts/application (3.0ms)
Completed 200 OK in 7ms (Views: 6.1ms | ActiveRecord: 0.0ms)


Started POST "/users" for 127.0.0.1 at 2013-12-03 12:39:06 -0600
Processing by UsersController#create as HTML
  Parameters: {"utf8"=>"✓", "authenticity_token"=>"MpN33cBhTQ/AsY1GLZNPzUZts9gGngRa3/lRkt3KFDk=", "user"=>{"name"=>"", "last_name"=>"", "mail"=>"", "password"=>"[FILTERED]"}, "commit"=>"Create User"}
Redirected to http://localhost:3000/users/new
Completed 302 Found in 6ms (ActiveRecord: 0.0ms)


Started GET "/users/new" for 127.0.0.1 at 2013-12-03 12:39:06 -0600
Processing by UsersController#new as HTML
  Rendered users/new.html.erb within layouts/application (3.3ms)
Completed 200 OK in 7ms (Views: 6.9ms | ActiveRecord: 0.0ms)


Started GET "/assets/application.css?body=1" for 127.0.0.1 at 2013-12-03 12:39:06 -0600


Started GET "/assets/jquery_ujs.js?body=1" for 127.0.0.1 at 2013-12-03 12:39:06 -0600


Started GET "/assets/jquery.js?body=1" for 127.0.0.1 at 2013-12-03 12:39:06 -0600


Started GET "/assets/users.css?body=1" for 127.0.0.1 at 2013-12-03 12:39:06 -0600


Started GET "/assets/users.js?body=1" for 127.0.0.1 at 2013-12-03 12:39:06 -0600


Started GET "/assets/turbolinks.js?body=1" for 127.0.0.1 at 2013-12-03 12:39:06 -0600


Started GET "/assets/application.js?body=1" for 127.0.0.1 at 2013-12-03 12:39:06 -0600


Started POST "/users" for 127.0.0.1 at 2013-12-03 12:39:07 -0600
Processing by UsersController#create as HTML
  Parameters: {"utf8"=>"✓", "authenticity_token"=>"MpN33cBhTQ/AsY1GLZNPzUZts9gGngRa3/lRkt3KFDk=", "user"=>{"name"=>"", "last_name"=>"", "mail"=>"", "password"=>"[FILTERED]"}, "commit"=>"Create User"}
Redirected to http://localhost:3000/users/new
Completed 302 Found in 4ms (ActiveRecord: 0.0ms)


Started GET "/users/new" for 127.0.0.1 at 2013-12-03 12:39:07 -0600
Processing by UsersController#new as HTML
  Rendered users/new.html.erb within layouts/application (5.8ms)
Completed 200 OK in 12ms (Views: 11.3ms | ActiveRecord: 0.0ms)


Started GET "/assets/application.css?body=1" for 127.0.0.1 at 2013-12-03 12:39:07 -0600


Started GET "/assets/users.css?body=1" for 127.0.0.1 at 2013-12-03 12:39:07 -0600


Started GET "/assets/jquery_ujs.js?body=1" for 127.0.0.1 at 2013-12-03 12:39:07 -0600


Started GET "/assets/jquery.js?body=1" for 127.0.0.1 at 2013-12-03 12:39:07 -0600


Started GET "/assets/users.js?body=1" for 127.0.0.1 at 2013-12-03 12:39:07 -0600


Started GET "/assets/turbolinks.js?body=1" for 127.0.0.1 at 2013-12-03 12:39:07 -0600


Started GET "/assets/application.js?body=1" for 127.0.0.1 at 2013-12-03 12:39:07 -0600


Started GET "/users" for 127.0.0.1 at 2013-12-03 12:52:09 -0600
  [1m[36mActiveRecord::SchemaMigration Load (0.4ms)[0m  [1mSELECT "schema_migrations".* FROM "schema_migrations"[0m
Processing by UsersController#index as HTML
  [1m[35mUser Load (0.5ms)[0m  SELECT "users".* FROM "users"
  Rendered users/index.html.erb within layouts/application (13.0ms)
Completed 200 OK in 88ms (Views: 69.1ms | ActiveRecord: 2.1ms)


Started GET "/assets/users.css?body=1" for 127.0.0.1 at 2013-12-03 12:52:10 -0600


Started GET "/assets/application.css?body=1" for 127.0.0.1 at 2013-12-03 12:52:10 -0600


Started GET "/assets/jquery.js?body=1" for 127.0.0.1 at 2013-12-03 12:52:10 -0600


Started GET "/assets/application.js?body=1" for 127.0.0.1 at 2013-12-03 12:52:10 -0600


Started GET "/assets/turbolinks.js?body=1" for 127.0.0.1 at 2013-12-03 12:52:10 -0600


Started GET "/assets/jquery_ujs.js?body=1" for 127.0.0.1 at 2013-12-03 12:52:10 -0600


Started GET "/assets/users.js?body=1" for 127.0.0.1 at 2013-12-03 12:52:10 -0600


Started GET "/users" for 127.0.0.1 at 2013-12-03 12:52:10 -0600
Processing by UsersController#index as HTML
  [1m[36mUser Load (0.6ms)[0m  [1mSELECT "users".* FROM "users"[0m
  Rendered users/index.html.erb within layouts/application (2.7ms)
Completed 200 OK in 7ms (Views: 5.5ms | ActiveRecord: 0.6ms)


Started GET "/assets/application.css?body=1" for 127.0.0.1 at 2013-12-03 12:52:11 -0600


Started GET "/assets/users.css?body=1" for 127.0.0.1 at 2013-12-03 12:52:11 -0600


Started GET "/assets/jquery.js?body=1" for 127.0.0.1 at 2013-12-03 12:52:11 -0600


Started GET "/assets/turbolinks.js?body=1" for 127.0.0.1 at 2013-12-03 12:52:11 -0600


Started GET "/assets/jquery_ujs.js?body=1" for 127.0.0.1 at 2013-12-03 12:52:11 -0600


Started GET "/assets/application.js?body=1" for 127.0.0.1 at 2013-12-03 12:52:11 -0600


Started GET "/assets/users.js?body=1" for 127.0.0.1 at 2013-12-03 12:52:11 -0600


Started GET "/users" for 127.0.0.1 at 2013-12-03 12:52:28 -0600
Processing by UsersController#index as HTML
  [1m[35mUser Load (0.4ms)[0m  SELECT "users".* FROM "users"
  Rendered users/index.html.erb within layouts/application (5.3ms)
Completed 200 OK in 12ms (Views: 10.4ms | ActiveRecord: 0.4ms)


Started GET "/assets/users.css?body=1" for 127.0.0.1 at 2013-12-03 12:52:28 -0600


Started GET "/assets/application.css?body=1" for 127.0.0.1 at 2013-12-03 12:52:28 -0600


Started GET "/assets/application.js?body=1" for 127.0.0.1 at 2013-12-03 12:52:28 -0600


Started GET "/assets/jquery.js?body=1" for 127.0.0.1 at 2013-12-03 12:52:28 -0600


Started GET "/assets/turbolinks.js?body=1" for 127.0.0.1 at 2013-12-03 12:52:28 -0600


Started GET "/assets/jquery_ujs.js?body=1" for 127.0.0.1 at 2013-12-03 12:52:28 -0600


Started GET "/assets/users.js?body=1" for 127.0.0.1 at 2013-12-03 12:52:28 -0600


Started GET "/users/2/edit" for 127.0.0.1 at 2013-12-03 12:52:30 -0600

AbstractController::ActionNotFound (The action 'edit' could not be found for UsersController):
  actionpack (4.0.1) lib/abstract_controller/base.rb:131:in `process'
  actionpack (4.0.1) lib/abstract_controller/rendering.rb:44:in `process'
  actionpack (4.0.1) lib/action_controller/metal.rb:195:in `dispatch'
  actionpack (4.0.1) lib/action_controller/metal/rack_delegation.rb:13:in `dispatch'
  actionpack (4.0.1) lib/action_controller/metal.rb:231:in `block in action'
  actionpack (4.0.1) lib/action_dispatch/routing/route_set.rb:80:in `call'
  actionpack (4.0.1) lib/action_dispatch/routing/route_set.rb:80:in `dispatch'
  actionpack (4.0.1) lib/action_dispatch/routing/route_set.rb:48:in `call'
  actionpack (4.0.1) lib/action_dispatch/journey/router.rb:71:in `block in call'
  actionpack (4.0.1) lib/action_dispatch/journey/router.rb:59:in `each'
  actionpack (4.0.1) lib/action_dispatch/journey/router.rb:59:in `call'
  actionpack (4.0.1) lib/action_dispatch/routing/route_set.rb:680:in `call'
  rack (1.5.2) lib/rack/etag.rb:23:in `call'
  rack (1.5.2) lib/rack/conditionalget.rb:25:in `call'
  rack (1.5.2) lib/rack/head.rb:11:in `call'
  actionpack (4.0.1) lib/action_dispatch/middleware/params_parser.rb:27:in `call'
  actionpack (4.0.1) lib/action_dispatch/middleware/flash.rb:241:in `call'
  rack (1.5.2) lib/rack/session/abstract/id.rb:225:in `context'
  rack (1.5.2) lib/rack/session/abstract/id.rb:220:in `call'
  actionpack (4.0.1) lib/action_dispatch/middleware/cookies.rb:486:in `call'
  activerecord (4.0.1) lib/active_record/query_cache.rb:36:in `call'
  activerecord (4.0.1) lib/active_record/connection_adapters/abstract/connection_pool.rb:626:in `call'
  activerecord (4.0.1) lib/active_record/migration.rb:369:in `call'
  actionpack (4.0.1) lib/action_dispatch/middleware/callbacks.rb:29:in `block in call'
  activesupport (4.0.1) lib/active_support/callbacks.rb:373:in `_run__1041499515420958286__call__callbacks'
  activesupport (4.0.1) lib/active_support/callbacks.rb:80:in `run_callbacks'
  actionpack (4.0.1) lib/action_dispatch/middleware/callbacks.rb:27:in `call'
  actionpack (4.0.1) lib/action_dispatch/middleware/reloader.rb:64:in `call'
  actionpack (4.0.1) lib/action_dispatch/middleware/remote_ip.rb:76:in `call'
  actionpack (4.0.1) lib/action_dispatch/middleware/debug_exceptions.rb:17:in `call'
  actionpack (4.0.1) lib/action_dispatch/middleware/show_exceptions.rb:30:in `call'
  railties (4.0.1) lib/rails/rack/logger.rb:38:in `call_app'
  railties (4.0.1) lib/rails/rack/logger.rb:20:in `block in call'
  activesupport (4.0.1) lib/active_support/tagged_logging.rb:67:in `block in tagged'
  activesupport (4.0.1) lib/active_support/tagged_logging.rb:25:in `tagged'
  activesupport (4.0.1) lib/active_support/tagged_logging.rb:67:in `tagged'
  railties (4.0.1) lib/rails/rack/logger.rb:20:in `call'
  actionpack (4.0.1) lib/action_dispatch/middleware/request_id.rb:21:in `call'
  rack (1.5.2) lib/rack/methodoverride.rb:21:in `call'
  rack (1.5.2) lib/rack/runtime.rb:17:in `call'
  activesupport (4.0.1) lib/active_support/cache/strategy/local_cache.rb:83:in `call'
  rack (1.5.2) lib/rack/lock.rb:17:in `call'
  actionpack (4.0.1) lib/action_dispatch/middleware/static.rb:64:in `call'
  rack (1.5.2) lib/rack/sendfile.rb:112:in `call'
  railties (4.0.1) lib/rails/engine.rb:511:in `call'
  railties (4.0.1) lib/rails/application.rb:97:in `call'
  rack (1.5.2) lib/rack/lock.rb:17:in `call'
  rack (1.5.2) lib/rack/content_length.rb:14:in `call'
  rack (1.5.2) lib/rack/handler/webrick.rb:60:in `service'
  /home/daniel2/.rvm/rubies/ruby-2.0.0-p247/lib/ruby/2.0.0/webrick/httpserver.rb:138:in `service'
  /home/daniel2/.rvm/rubies/ruby-2.0.0-p247/lib/ruby/2.0.0/webrick/httpserver.rb:94:in `run'
  /home/daniel2/.rvm/rubies/ruby-2.0.0-p247/lib/ruby/2.0.0/webrick/server.rb:295:in `block in start_thread'


  Rendered /home/daniel2/.rvm/gems/ruby-2.0.0-p247@exercise4/gems/actionpack-4.0.1/lib/action_dispatch/middleware/templates/rescues/unknown_action.erb within rescues/layout (0.9ms)


Started GET "/users/2/edit" for 127.0.0.1 at 2013-12-03 12:52:30 -0600

AbstractController::ActionNotFound (The action 'edit' could not be found for UsersController):
  actionpack (4.0.1) lib/abstract_controller/base.rb:131:in `process'
  actionpack (4.0.1) lib/abstract_controller/rendering.rb:44:in `process'
  actionpack (4.0.1) lib/action_controller/metal.rb:195:in `dispatch'
  actionpack (4.0.1) lib/action_controller/metal/rack_delegation.rb:13:in `dispatch'
  actionpack (4.0.1) lib/action_controller/metal.rb:231:in `block in action'
  actionpack (4.0.1) lib/action_dispatch/routing/route_set.rb:80:in `call'
  actionpack (4.0.1) lib/action_dispatch/routing/route_set.rb:80:in `dispatch'
  actionpack (4.0.1) lib/action_dispatch/routing/route_set.rb:48:in `call'
  actionpack (4.0.1) lib/action_dispatch/journey/router.rb:71:in `block in call'
  actionpack (4.0.1) lib/action_dispatch/journey/router.rb:59:in `each'
  actionpack (4.0.1) lib/action_dispatch/journey/router.rb:59:in `call'
  actionpack (4.0.1) lib/action_dispatch/routing/route_set.rb:680:in `call'
  rack (1.5.2) lib/rack/etag.rb:23:in `call'
  rack (1.5.2) lib/rack/conditionalget.rb:25:in `call'
  rack (1.5.2) lib/rack/head.rb:11:in `call'
  actionpack (4.0.1) lib/action_dispatch/middleware/params_parser.rb:27:in `call'
  actionpack (4.0.1) lib/action_dispatch/middleware/flash.rb:241:in `call'
  rack (1.5.2) lib/rack/session/abstract/id.rb:225:in `context'
  rack (1.5.2) lib/rack/session/abstract/id.rb:220:in `call'
  actionpack (4.0.1) lib/action_dispatch/middleware/cookies.rb:486:in `call'
  activerecord (4.0.1) lib/active_record/query_cache.rb:36:in `call'
  activerecord (4.0.1) lib/active_record/connection_adapters/abstract/connection_pool.rb:626:in `call'
  activerecord (4.0.1) lib/active_record/migration.rb:369:in `call'
  actionpack (4.0.1) lib/action_dispatch/middleware/callbacks.rb:29:in `block in call'
  activesupport (4.0.1) lib/active_support/callbacks.rb:373:in `_run__1041499515420958286__call__callbacks'
  activesupport (4.0.1) lib/active_support/callbacks.rb:80:in `run_callbacks'
  actionpack (4.0.1) lib/action_dispatch/middleware/callbacks.rb:27:in `call'
  actionpack (4.0.1) lib/action_dispatch/middleware/reloader.rb:64:in `call'
  actionpack (4.0.1) lib/action_dispatch/middleware/remote_ip.rb:76:in `call'
  actionpack (4.0.1) lib/action_dispatch/middleware/debug_exceptions.rb:17:in `call'
  actionpack (4.0.1) lib/action_dispatch/middleware/show_exceptions.rb:30:in `call'
  railties (4.0.1) lib/rails/rack/logger.rb:38:in `call_app'
  railties (4.0.1) lib/rails/rack/logger.rb:20:in `block in call'
  activesupport (4.0.1) lib/active_support/tagged_logging.rb:67:in `block in tagged'
  activesupport (4.0.1) lib/active_support/tagged_logging.rb:25:in `tagged'
  activesupport (4.0.1) lib/active_support/tagged_logging.rb:67:in `tagged'
  railties (4.0.1) lib/rails/rack/logger.rb:20:in `call'
  actionpack (4.0.1) lib/action_dispatch/middleware/request_id.rb:21:in `call'
  rack (1.5.2) lib/rack/methodoverride.rb:21:in `call'
  rack (1.5.2) lib/rack/runtime.rb:17:in `call'
  activesupport (4.0.1) lib/active_support/cache/strategy/local_cache.rb:83:in `call'
  rack (1.5.2) lib/rack/lock.rb:17:in `call'
  actionpack (4.0.1) lib/action_dispatch/middleware/static.rb:64:in `call'
  rack (1.5.2) lib/rack/sendfile.rb:112:in `call'
  railties (4.0.1) lib/rails/engine.rb:511:in `call'
  railties (4.0.1) lib/rails/application.rb:97:in `call'
  rack (1.5.2) lib/rack/lock.rb:17:in `call'
  rack (1.5.2) lib/rack/content_length.rb:14:in `call'
  rack (1.5.2) lib/rack/handler/webrick.rb:60:in `service'
  /home/daniel2/.rvm/rubies/ruby-2.0.0-p247/lib/ruby/2.0.0/webrick/httpserver.rb:138:in `service'
  /home/daniel2/.rvm/rubies/ruby-2.0.0-p247/lib/ruby/2.0.0/webrick/httpserver.rb:94:in `run'
  /home/daniel2/.rvm/rubies/ruby-2.0.0-p247/lib/ruby/2.0.0/webrick/server.rb:295:in `block in start_thread'


  Rendered /home/daniel2/.rvm/gems/ruby-2.0.0-p247@exercise4/gems/actionpack-4.0.1/lib/action_dispatch/middleware/templates/rescues/unknown_action.erb within rescues/layout (0.4ms)


Started GET "/users/2/edit" for 127.0.0.1 at 2013-12-03 12:52:57 -0600
Processing by UsersController#edit as HTML
  Parameters: {"id"=>"2"}
Completed 500 Internal Server Error in 2ms

ActionView::MissingTemplate (Missing template users/edit, application/edit with {:locale=>[:en], :formats=>[:html], :handlers=>[:erb, :builder, :raw, :ruby, :jbuilder]}. Searched in:
  * "/home/daniel2/work/junior_evaluation/exercise_4/app/views"
):
  actionpack (4.0.1) lib/action_view/path_set.rb:46:in `find'
  actionpack (4.0.1) lib/action_view/lookup_context.rb:115:in `find'
  actionpack (4.0.1) lib/action_view/renderer/abstract_renderer.rb:18:in `find_template'
  actionpack (4.0.1) lib/action_view/renderer/template_renderer.rb:35:in `determine_template'
  actionpack (4.0.1) lib/action_view/renderer/template_renderer.rb:8:in `render'
  actionpack (4.0.1) lib/action_view/renderer/renderer.rb:42:in `render_template'
  actionpack (4.0.1) lib/action_view/renderer/renderer.rb:23:in `render'
  actionpack (4.0.1) lib/abstract_controller/rendering.rb:127:in `_render_template'
  actionpack (4.0.1) lib/action_controller/metal/streaming.rb:219:in `_render_template'
  actionpack (4.0.1) lib/abstract_controller/rendering.rb:120:in `render_to_body'
  actionpack (4.0.1) lib/action_controller/metal/rendering.rb:33:in `render_to_body'
  actionpack (4.0.1) lib/action_controller/metal/renderers.rb:26:in `render_to_body'
  actionpack (4.0.1) lib/abstract_controller/rendering.rb:97:in `render'
  actionpack (4.0.1) lib/action_controller/metal/rendering.rb:16:in `render'
  actionpack (4.0.1) lib/action_controller/metal/instrumentation.rb:41:in `block (2 levels) in render'
  activesupport (4.0.1) lib/active_support/core_ext/benchmark.rb:12:in `block in ms'
  /home/daniel2/.rvm/rubies/ruby-2.0.0-p247/lib/ruby/2.0.0/benchmark.rb:296:in `realtime'
  activesupport (4.0.1) lib/active_support/core_ext/benchmark.rb:12:in `ms'
  actionpack (4.0.1) lib/action_controller/metal/instrumentation.rb:41:in `block in render'
  actionpack (4.0.1) lib/action_controller/metal/instrumentation.rb:84:in `cleanup_view_runtime'
  activerecord (4.0.1) lib/active_record/railties/controller_runtime.rb:25:in `cleanup_view_runtime'
  actionpack (4.0.1) lib/action_controller/metal/instrumentation.rb:40:in `render'
  actionpack (4.0.1) lib/action_controller/metal/implicit_render.rb:10:in `default_render'
  actionpack (4.0.1) lib/action_controller/metal/implicit_render.rb:5:in `send_action'
  actionpack (4.0.1) lib/abstract_controller/base.rb:189:in `process_action'
  actionpack (4.0.1) lib/action_controller/metal/rendering.rb:10:in `process_action'
  actionpack (4.0.1) lib/abstract_controller/callbacks.rb:18:in `block in process_action'
  activesupport (4.0.1) lib/active_support/callbacks.rb:403:in `_run__1234916848189094571__process_action__callbacks'
  activesupport (4.0.1) lib/active_support/callbacks.rb:80:in `run_callbacks'
  actionpack (4.0.1) lib/abstract_controller/callbacks.rb:17:in `process_action'
  actionpack (4.0.1) lib/action_controller/metal/rescue.rb:29:in `process_action'
  actionpack (4.0.1) lib/action_controller/metal/instrumentation.rb:31:in `block in process_action'
  activesupport (4.0.1) lib/active_support/notifications.rb:159:in `block in instrument'
  activesupport (4.0.1) lib/active_support/notifications/instrumenter.rb:20:in `instrument'
  activesupport (4.0.1) lib/active_support/notifications.rb:159:in `instrument'
  actionpack (4.0.1) lib/action_controller/metal/instrumentation.rb:30:in `process_action'
  actionpack (4.0.1) lib/action_controller/metal/params_wrapper.rb:245:in `process_action'
  activerecord (4.0.1) lib/active_record/railties/controller_runtime.rb:18:in `process_action'
  actionpack (4.0.1) lib/abstract_controller/base.rb:136:in `process'
  actionpack (4.0.1) lib/abstract_controller/rendering.rb:44:in `process'
  actionpack (4.0.1) lib/action_controller/metal.rb:195:in `dispatch'
  actionpack (4.0.1) lib/action_controller/metal/rack_delegation.rb:13:in `dispatch'
  actionpack (4.0.1) lib/action_controller/metal.rb:231:in `block in action'
  actionpack (4.0.1) lib/action_dispatch/routing/route_set.rb:80:in `call'
  actionpack (4.0.1) lib/action_dispatch/routing/route_set.rb:80:in `dispatch'
  actionpack (4.0.1) lib/action_dispatch/routing/route_set.rb:48:in `call'
  actionpack (4.0.1) lib/action_dispatch/journey/router.rb:71:in `block in call'
  actionpack (4.0.1) lib/action_dispatch/journey/router.rb:59:in `each'
  actionpack (4.0.1) lib/action_dispatch/journey/router.rb:59:in `call'
  actionpack (4.0.1) lib/action_dispatch/routing/route_set.rb:680:in `call'
  rack (1.5.2) lib/rack/etag.rb:23:in `call'
  rack (1.5.2) lib/rack/conditionalget.rb:25:in `call'
  rack (1.5.2) lib/rack/head.rb:11:in `call'
  actionpack (4.0.1) lib/action_dispatch/middleware/params_parser.rb:27:in `call'
  actionpack (4.0.1) lib/action_dispatch/middleware/flash.rb:241:in `call'
  rack (1.5.2) lib/rack/session/abstract/id.rb:225:in `context'
  rack (1.5.2) lib/rack/session/abstract/id.rb:220:in `call'
  actionpack (4.0.1) lib/action_dispatch/middleware/cookies.rb:486:in `call'
  activerecord (4.0.1) lib/active_record/query_cache.rb:36:in `call'
  activerecord (4.0.1) lib/active_record/connection_adapters/abstract/connection_pool.rb:626:in `call'
  activerecord (4.0.1) lib/active_record/migration.rb:369:in `call'
  actionpack (4.0.1) lib/action_dispatch/middleware/callbacks.rb:29:in `block in call'
  activesupport (4.0.1) lib/active_support/callbacks.rb:373:in `_run__1041499515420958286__call__callbacks'
  activesupport (4.0.1) lib/active_support/callbacks.rb:80:in `run_callbacks'
  actionpack (4.0.1) lib/action_dispatch/middleware/callbacks.rb:27:in `call'
  actionpack (4.0.1) lib/action_dispatch/middleware/reloader.rb:64:in `call'
  actionpack (4.0.1) lib/action_dispatch/middleware/remote_ip.rb:76:in `call'
  actionpack (4.0.1) lib/action_dispatch/middleware/debug_exceptions.rb:17:in `call'
  actionpack (4.0.1) lib/action_dispatch/middleware/show_exceptions.rb:30:in `call'
  railties (4.0.1) lib/rails/rack/logger.rb:38:in `call_app'
  railties (4.0.1) lib/rails/rack/logger.rb:20:in `block in call'
  activesupport (4.0.1) lib/active_support/tagged_logging.rb:67:in `block in tagged'
  activesupport (4.0.1) lib/active_support/tagged_logging.rb:25:in `tagged'
  activesupport (4.0.1) lib/active_support/tagged_logging.rb:67:in `tagged'
  railties (4.0.1) lib/rails/rack/logger.rb:20:in `call'
  actionpack (4.0.1) lib/action_dispatch/middleware/request_id.rb:21:in `call'
  rack (1.5.2) lib/rack/methodoverride.rb:21:in `call'
  rack (1.5.2) lib/rack/runtime.rb:17:in `call'
  activesupport (4.0.1) lib/active_support/cache/strategy/local_cache.rb:83:in `call'
  rack (1.5.2) lib/rack/lock.rb:17:in `call'
  actionpack (4.0.1) lib/action_dispatch/middleware/static.rb:64:in `call'
  rack (1.5.2) lib/rack/sendfile.rb:112:in `call'
  railties (4.0.1) lib/rails/engine.rb:511:in `call'
  railties (4.0.1) lib/rails/application.rb:97:in `call'
  rack (1.5.2) lib/rack/lock.rb:17:in `call'
  rack (1.5.2) lib/rack/content_length.rb:14:in `call'
  rack (1.5.2) lib/rack/handler/webrick.rb:60:in `service'
  /home/daniel2/.rvm/rubies/ruby-2.0.0-p247/lib/ruby/2.0.0/webrick/httpserver.rb:138:in `service'
  /home/daniel2/.rvm/rubies/ruby-2.0.0-p247/lib/ruby/2.0.0/webrick/httpserver.rb:94:in `run'
  /home/daniel2/.rvm/rubies/ruby-2.0.0-p247/lib/ruby/2.0.0/webrick/server.rb:295:in `block in start_thread'


  Rendered /home/daniel2/.rvm/gems/ruby-2.0.0-p247@exercise4/gems/actionpack-4.0.1/lib/action_dispatch/middleware/templates/rescues/missing_template.erb within rescues/layout (0.5ms)


Started GET "/users/2/edit" for 127.0.0.1 at 2013-12-03 12:56:03 -0600
  [1m[36mActiveRecord::SchemaMigration Load (0.3ms)[0m  [1mSELECT "schema_migrations".* FROM "schema_migrations"[0m
Processing by UsersController#edit as HTML
  Parameters: {"id"=>"2"}
  [1m[35mUser Load (1.0ms)[0m  SELECT "users".* FROM "users" WHERE "users"."id" = $1 LIMIT 1  [["id", "2"]]
  Rendered users/edit.html.erb within layouts/application (30.8ms)
Completed 200 OK in 113ms (Views: 92.1ms | ActiveRecord: 3.0ms)


Started GET "/assets/application.css?body=1" for 127.0.0.1 at 2013-12-03 12:56:03 -0600


Started GET "/assets/jquery.js?body=1" for 127.0.0.1 at 2013-12-03 12:56:03 -0600


Started GET "/assets/users.css?body=1" for 127.0.0.1 at 2013-12-03 12:56:03 -0600


Started GET "/assets/jquery_ujs.js?body=1" for 127.0.0.1 at 2013-12-03 12:56:03 -0600


Started GET "/assets/turbolinks.js?body=1" for 127.0.0.1 at 2013-12-03 12:56:03 -0600


Started GET "/assets/users.js?body=1" for 127.0.0.1 at 2013-12-03 12:56:03 -0600


Started GET "/assets/application.js?body=1" for 127.0.0.1 at 2013-12-03 12:56:04 -0600


Started PATCH "/users/2" for 127.0.0.1 at 2013-12-03 12:56:29 -0600
Processing by UsersController#update as HTML
  Parameters: {"utf8"=>"✓", "authenticity_token"=>"MpN33cBhTQ/AsY1GLZNPzUZts9gGngRa3/lRkt3KFDk=", "user"=>{"name"=>"asdasd", "last_name"=>"hj", "mail"=>"h", "password"=>"[FILTERED]"}, "commit"=>"Create User", "id"=>"2"}
  Rendered users/update.html.erb within layouts/application (0.3ms)
Completed 200 OK in 6ms (Views: 4.2ms | ActiveRecord: 0.0ms)


Started GET "/assets/application.css?body=1" for 127.0.0.1 at 2013-12-03 12:56:29 -0600


Started GET "/assets/jquery_ujs.js?body=1" for 127.0.0.1 at 2013-12-03 12:56:29 -0600


Started GET "/assets/jquery.js?body=1" for 127.0.0.1 at 2013-12-03 12:56:29 -0600


Started GET "/assets/users.css?body=1" for 127.0.0.1 at 2013-12-03 12:56:29 -0600


Started GET "/assets/application.js?body=1" for 127.0.0.1 at 2013-12-03 12:56:29 -0600


Started GET "/assets/turbolinks.js?body=1" for 127.0.0.1 at 2013-12-03 12:56:29 -0600


Started GET "/assets/users.js?body=1" for 127.0.0.1 at 2013-12-03 12:56:29 -0600


Started GET "/users" for 127.0.0.1 at 2013-12-03 12:56:41 -0600
Processing by UsersController#index as HTML
  [1m[36mUser Load (0.4ms)[0m  [1mSELECT "users".* FROM "users"[0m
  Rendered users/index.html.erb within layouts/application (3.5ms)
Completed 200 OK in 8ms (Views: 6.9ms | ActiveRecord: 0.4ms)


Started GET "/assets/application.css?body=1" for 127.0.0.1 at 2013-12-03 12:56:41 -0600


Started GET "/assets/turbolinks.js?body=1" for 127.0.0.1 at 2013-12-03 12:56:41 -0600


Started GET "/assets/users.css?body=1" for 127.0.0.1 at 2013-12-03 12:56:41 -0600


Started GET "/assets/jquery_ujs.js?body=1" for 127.0.0.1 at 2013-12-03 12:56:41 -0600


Started GET "/assets/users.js?body=1" for 127.0.0.1 at 2013-12-03 12:56:41 -0600


Started GET "/assets/jquery.js?body=1" for 127.0.0.1 at 2013-12-03 12:56:41 -0600


Started GET "/assets/application.js?body=1" for 127.0.0.1 at 2013-12-03 12:56:41 -0600


Started GET "/users/3/edit" for 127.0.0.1 at 2013-12-03 12:56:43 -0600
Processing by UsersController#edit as HTML
  Parameters: {"id"=>"3"}
  [1m[35mUser Load (0.9ms)[0m  SELECT "users".* FROM "users" WHERE "users"."id" = $1 LIMIT 1  [["id", "3"]]
  Rendered users/edit.html.erb within layouts/application (11.8ms)
Completed 200 OK in 20ms (Views: 18.2ms | ActiveRecord: 0.9ms)


Started PATCH "/users/3" for 127.0.0.1 at 2013-12-03 12:56:48 -0600
Processing by UsersController#update as HTML
  Parameters: {"utf8"=>"✓", "authenticity_token"=>"MpN33cBhTQ/AsY1GLZNPzUZts9gGngRa3/lRkt3KFDk=", "user"=>{"name"=>"11111", "last_name"=>"111", "mail"=>"11111", "password"=>"[FILTERED]"}, "commit"=>"Create User", "id"=>"3"}
  Rendered users/update.html.erb within layouts/application (0.2ms)
Completed 200 OK in 8ms (Views: 6.8ms | ActiveRecord: 0.0ms)


Started GET "/assets/application.css?body=1" for 127.0.0.1 at 2013-12-03 12:56:48 -0600


Started GET "/assets/users.css?body=1" for 127.0.0.1 at 2013-12-03 12:56:48 -0600


Started GET "/assets/turbolinks.js?body=1" for 127.0.0.1 at 2013-12-03 12:56:48 -0600


Started GET "/assets/jquery_ujs.js?body=1" for 127.0.0.1 at 2013-12-03 12:56:48 -0600


Started GET "/assets/users.js?body=1" for 127.0.0.1 at 2013-12-03 12:56:48 -0600


Started GET "/assets/jquery.js?body=1" for 127.0.0.1 at 2013-12-03 12:56:48 -0600


Started GET "/assets/application.js?body=1" for 127.0.0.1 at 2013-12-03 12:56:48 -0600


Started GET "/users" for 127.0.0.1 at 2013-12-03 12:56:54 -0600
Processing by UsersController#index as HTML
  [1m[36mUser Load (0.8ms)[0m  [1mSELECT "users".* FROM "users"[0m
  Rendered users/index.html.erb within layouts/application (3.6ms)
Completed 200 OK in 9ms (Views: 8.0ms | ActiveRecord: 0.8ms)


Started GET "/assets/application.css?body=1" for 127.0.0.1 at 2013-12-03 12:56:54 -0600


Started GET "/assets/users.css?body=1" for 127.0.0.1 at 2013-12-03 12:56:54 -0600


Started GET "/assets/users.js?body=1" for 127.0.0.1 at 2013-12-03 12:56:54 -0600


Started GET "/assets/turbolinks.js?body=1" for 127.0.0.1 at 2013-12-03 12:56:54 -0600


Started GET "/assets/jquery.js?body=1" for 127.0.0.1 at 2013-12-03 12:56:54 -0600


Started GET "/assets/jquery_ujs.js?body=1" for 127.0.0.1 at 2013-12-03 12:56:54 -0600


Started GET "/assets/application.js?body=1" for 127.0.0.1 at 2013-12-03 12:56:54 -0600


Started GET "/users" for 127.0.0.1 at 2013-12-03 12:56:55 -0600
Processing by UsersController#index as HTML
  [1m[35mUser Load (0.7ms)[0m  SELECT "users".* FROM "users"
  Rendered users/index.html.erb within layouts/application (3.6ms)
Completed 200 OK in 10ms (Views: 8.9ms | ActiveRecord: 0.7ms)


Started GET "/assets/application.css?body=1" for 127.0.0.1 at 2013-12-03 12:56:55 -0600


Started GET "/assets/jquery_ujs.js?body=1" for 127.0.0.1 at 2013-12-03 12:56:55 -0600


Started GET "/assets/jquery.js?body=1" for 127.0.0.1 at 2013-12-03 12:56:55 -0600


Started GET "/assets/turbolinks.js?body=1" for 127.0.0.1 at 2013-12-03 12:56:55 -0600


Started GET "/assets/users.css?body=1" for 127.0.0.1 at 2013-12-03 12:56:55 -0600


Started GET "/assets/application.js?body=1" for 127.0.0.1 at 2013-12-03 12:56:55 -0600


Started GET "/assets/users.js?body=1" for 127.0.0.1 at 2013-12-03 12:56:55 -0600


Started GET "/users" for 127.0.0.1 at 2013-12-03 12:56:57 -0600
Processing by UsersController#index as HTML
  [1m[36mUser Load (0.5ms)[0m  [1mSELECT "users".* FROM "users"[0m
  Rendered users/index.html.erb within layouts/application (3.9ms)
Completed 200 OK in 9ms (Views: 7.4ms | ActiveRecord: 0.5ms)


Started GET "/assets/application.css?body=1" for 127.0.0.1 at 2013-12-03 12:56:57 -0600


Started GET "/assets/jquery.js?body=1" for 127.0.0.1 at 2013-12-03 12:56:57 -0600


Started GET "/assets/jquery_ujs.js?body=1" for 127.0.0.1 at 2013-12-03 12:56:57 -0600


Started GET "/assets/users.css?body=1" for 127.0.0.1 at 2013-12-03 12:56:57 -0600


Started GET "/assets/users.js?body=1" for 127.0.0.1 at 2013-12-03 12:56:57 -0600


Started GET "/assets/turbolinks.js?body=1" for 127.0.0.1 at 2013-12-03 12:56:57 -0600


Started GET "/assets/application.js?body=1" for 127.0.0.1 at 2013-12-03 12:56:57 -0600
